Using pre-set license
Built from '2020.3/staging' branch; Version is '2020.3.30f1 (1fb1bf06830e) revision 2077119'; Using compiler version '192528614'; Build Type 'Release'
OS: 'Windows 11  (10.0.22631) 64bit CoreSingleLanguage' Language: 'en' Physical Memory: 14188 MB
BatchMode: 1, IsHumanControllingUs: 0, StartBugReporterOnCrash: 0, Is64bit: 1, IsPro: 0

COMMAND LINE ARGUMENTS:
C:\Program Files\Unity\Hub\Editor\2020.3.30f1\Editor\Unity.exe
-adb2
-batchMode
-noUpm
-name
AssetImportWorker0
-projectPath
C:/Users/Andrei/Desktop/Github Repos/GameProd/GD7 Game Production
-logFile
Logs/AssetImportWorker0.log
-srvPort
51743
Successfully changed project path to: C:/Users/Andrei/Desktop/Github Repos/GameProd/GD7 Game Production
C:/Users/Andrei/Desktop/Github Repos/GameProd/GD7 Game Production
Using Asset Import Pipeline V2.
Refreshing native plugins compatible for Editor in 28.30 ms, found 2 plugins.
Preloading 0 native plugins for Editor in 0.00 ms.
Initialize engine version: 2020.3.30f1 (1fb1bf06830e)
[Subsystems] Discovering subsystems at path C:/Program Files/Unity/Hub/Editor/2020.3.30f1/Editor/Data/Resources/UnitySubsystems
[Subsystems] Discovering subsystems at path C:/Users/Andrei/Desktop/Github Repos/GameProd/GD7 Game Production/Assets
GfxDevice: creating device client; threaded=0
Direct3D:
    Version:  Direct3D 11.0 [level 11.1]
    Renderer: NVIDIA GeForce RTX 3050 Ti Laptop GPU (ID=0x25e0)
    Vendor:   
    VRAM:     3990 MB
    Driver:   31.0.15.2225
Initialize mono
Mono path[0] = 'C:/Program Files/Unity/Hub/Editor/2020.3.30f1/Editor/Data/Managed'
Mono path[1] = 'C:/Program Files/Unity/Hub/Editor/2020.3.30f1/Editor/Data/MonoBleedingEdge/lib/mono/unityjit'
Mono config path = 'C:/Program Files/Unity/Hub/Editor/2020.3.30f1/Editor/Data/MonoBleedingEdge/etc'
Using monoOptions --debugger-agent=transport=dt_socket,embedding=1,server=y,suspend=n,address=127.0.0.1:56424
Begin MonoManager ReloadAssembly
Registering precompiled unity dll's ...
Register platform support module: C:/Program Files/Unity/Hub/Editor/2020.3.30f1/Editor/Data/PlaybackEngines/WindowsStandaloneSupport/UnityEditor.WindowsStandalone.Extensions.dll
Registered in 0.001149 seconds.
Native extension for WindowsStandalone target not found
Refreshing native plugins compatible for Editor in 26.13 ms, found 2 plugins.
Preloading 0 native plugins for Editor in 0.00 ms.
Mono: successfully reloaded assembly
- Completed reload, in  0.436 seconds
Domain Reload Profiling:
	ReloadAssembly (437ms)
		BeginReloadAssembly (46ms)
			ExecutionOrderSort (0ms)
			DisableScriptedObjects (0ms)
			BackupInstance (0ms)
			ReleaseScriptingObjects (0ms)
			CreateAndSetChildDomain (1ms)
		EndReloadAssembly (337ms)
			LoadAssemblies (44ms)
			RebuildTransferFunctionScriptingTraits (0ms)
			SetupTypeCache (105ms)
			ReleaseScriptCaches (0ms)
			RebuildScriptCaches (21ms)
			SetupLoadedEditorAssemblies (124ms)
				LogAssemblyErrors (0ms)
				InitializePlatformSupportModulesInManaged (3ms)
				SetLoadedEditorAssemblies (0ms)
				RefreshPlugins (26ms)
				BeforeProcessingInitializeOnLoad (11ms)
				ProcessInitializeOnLoadAttributes (62ms)
				ProcessInitializeOnLoadMethodAttributes (21ms)
				AfterProcessingInitializeOnLoad (0ms)
				EditorAssembliesLoaded (0ms)
			ExecutionOrderSort2 (0ms)
			AwakeInstancesAfterBackupRestoration (0ms)
Platform modules already initialized, skipping
Registering precompiled user dll's ...
Registered in 0.002263 seconds.
Begin MonoManager ReloadAssembly
Native extension for WindowsStandalone target not found
Refreshing native plugins compatible for Editor in 0.42 ms, found 2 plugins.
Preloading 0 native plugins for Editor in 0.00 ms.
Mono: successfully reloaded assembly
- Completed reload, in  0.745 seconds
Domain Reload Profiling:
	ReloadAssembly (746ms)
		BeginReloadAssembly (110ms)
			ExecutionOrderSort (0ms)
			DisableScriptedObjects (4ms)
			BackupInstance (0ms)
			ReleaseScriptingObjects (0ms)
			CreateAndSetChildDomain (17ms)
		EndReloadAssembly (590ms)
			LoadAssemblies (73ms)
			RebuildTransferFunctionScriptingTraits (0ms)
			SetupTypeCache (191ms)
			ReleaseScriptCaches (0ms)
			RebuildScriptCaches (32ms)
			SetupLoadedEditorAssemblies (235ms)
				LogAssemblyErrors (0ms)
				InitializePlatformSupportModulesInManaged (3ms)
				SetLoadedEditorAssemblies (0ms)
				RefreshPlugins (0ms)
				BeforeProcessingInitializeOnLoad (69ms)
				ProcessInitializeOnLoadAttributes (151ms)
				ProcessInitializeOnLoadMethodAttributes (7ms)
				AfterProcessingInitializeOnLoad (3ms)
				EditorAssembliesLoaded (0ms)
			ExecutionOrderSort2 (0ms)
			AwakeInstancesAfterBackupRestoration (5ms)
Platform modules already initialized, skipping
========================================================================
Worker process is ready to serve import requests
Launched and connected shader compiler UnityShaderCompiler.exe after 0.04 seconds
Refreshing native plugins compatible for Editor in 0.36 ms, found 2 plugins.
Preloading 0 native plugins for Editor in 0.00 ms.
Unloading 1658 Unused Serialized files (Serialized files now loaded: 0)
System memory in use before: 74.0 MB.
System memory in use after: 74.1 MB.

Unloading 17 unused Assets to reduce memory usage. Loaded Objects now: 2094.
Total: 3.003000 ms (FindLiveObjects: 0.150100 ms CreateObjectMapping: 0.067200 ms MarkObjects: 2.722300 ms  DeleteObjects: 0.062500 ms)

AssetImportParameters requested are different than current active one (requested -> active):
  custom:framework-win-MediaFoundation: 216162199b28c13a410421893ffa2e32 -> 
  custom:video-decoder-ogg-theora: a1e56fd34408186e4bbccfd4996cb3dc -> 
  custom:container-muxer-webm: aa71ff27fc2769a1b78a27578f13a17b -> 
  custom:container-demuxer-webm: 4f35f7cbe854078d1ac9338744f61a02 -> 
  custom:container-demuxer-ogg: 62fdf1f143b41e24485cea50d1cbac27 -> 
  custom:video-encoder-webm-vp8: eb34c28f22e8b96e1ab97ce403110664 -> 
  custom:video-codec-MediaFoundation-h265: 746d11721c4dcdbdad8f713fa42b33f4 -> 
  custom:video-decoder-webm-vp8: 9c59270c3fd7afecdb556c50c9e8de78 -> 
  custom:audio-decoder-ogg-vorbis: bf7c407c2cedff20999df2af8eb42d56 -> 
  custom:audio-encoder-webm-vorbis: bf7c407c2cedff20999df2af8eb42d56 -> 
========================================================================
Received Import Request.
  path: Assets/Scenes/Locked Chest Puzzle.unity
  artifactKey: Guid(936583b8f2051bc4689785bfa2f182c6) Importer(815301076,1909f56bfc062723c751e8b465ee728b)
Start importing Assets/Scenes/Locked Chest Puzzle.unity using Guid(936583b8f2051bc4689785bfa2f182c6) Importer(815301076,1909f56bfc062723c751e8b465ee728b)  -> (artifact id: '8195b9b860513d076d40d7c5773ad6d4') in 0.017889 seconds 
========================================================================
Received Prepare
Refreshing native plugins compatible for Editor in 1.86 ms, found 2 plugins.
Preloading 0 native plugins for Editor in 0.00 ms.
Unloading 9 Unused Serialized files (Serialized files now loaded: 0)
System memory in use before: 40.8 MB.
System memory in use after: 40.9 MB.

Unloading 9 unused Assets to reduce memory usage. Loaded Objects now: 2094.
Total: 2.711300 ms (FindLiveObjects: 0.165700 ms CreateObjectMapping: 0.038000 ms MarkObjects: 2.493700 ms  DeleteObjects: 0.013400 ms)

AssetImportParameters requested are different than current active one (requested -> active):
  custom:framework-win-MediaFoundation: 216162199b28c13a410421893ffa2e32 -> 
  custom:video-decoder-ogg-theora: a1e56fd34408186e4bbccfd4996cb3dc -> 
  custom:container-muxer-webm: aa71ff27fc2769a1b78a27578f13a17b -> 
  custom:container-demuxer-webm: 4f35f7cbe854078d1ac9338744f61a02 -> 
  custom:container-demuxer-ogg: 62fdf1f143b41e24485cea50d1cbac27 -> 
  custom:video-encoder-webm-vp8: eb34c28f22e8b96e1ab97ce403110664 -> 
  custom:video-codec-MediaFoundation-h265: 746d11721c4dcdbdad8f713fa42b33f4 -> 
  custom:video-decoder-webm-vp8: 9c59270c3fd7afecdb556c50c9e8de78 -> 
  custom:audio-decoder-ogg-vorbis: bf7c407c2cedff20999df2af8eb42d56 -> 
  custom:audio-encoder-webm-vorbis: bf7c407c2cedff20999df2af8eb42d56 -> 
========================================================================
Received Import Request.
  Time since last request: 3.385069 seconds.
  path: Assets/Scenes/Locked Chest Puzzle 1.unity
  artifactKey: Guid(a16740a0bfdf40a469cc06b4558d9862) Importer(815301076,1909f56bfc062723c751e8b465ee728b)
Start importing Assets/Scenes/Locked Chest Puzzle 1.unity using Guid(a16740a0bfdf40a469cc06b4558d9862) Importer(815301076,1909f56bfc062723c751e8b465ee728b)  -> (artifact id: 'aeff67b3a4e990c287ae9ef4fc831f63') in 0.007862 seconds 
========================================================================
Received Import Request.
  Time since last request: 12.867494 seconds.
  path: Assets/Scenes/Draw.unity
  artifactKey: Guid(936583b8f2051bc4689785bfa2f182c6) Importer(815301076,1909f56bfc062723c751e8b465ee728b)
Start importing Assets/Scenes/Draw.unity using Guid(936583b8f2051bc4689785bfa2f182c6) Importer(815301076,1909f56bfc062723c751e8b465ee728b)  -> (artifact id: 'f2b81e1438fd7d238c6271fc5b88bbf2') in 0.007753 seconds 
========================================================================
Received Import Request.
  Time since last request: 25.008499 seconds.
  path: Assets/Scenes/Drawer.unity
  artifactKey: Guid(a16740a0bfdf40a469cc06b4558d9862) Importer(815301076,1909f56bfc062723c751e8b465ee728b)
Start importing Assets/Scenes/Drawer.unity using Guid(a16740a0bfdf40a469cc06b4558d9862) Importer(815301076,1909f56bfc062723c751e8b465ee728b)  -> (artifact id: '81e4686ea6eaa452fec86d672e23a943') in 0.007640 seconds 
========================================================================
Received Prepare
Registering precompiled user dll's ...
Registered in 0.001889 seconds.
Begin MonoManager ReloadAssembly
Native extension for WindowsStandalone target not found
Refreshing native plugins compatible for Editor in 0.40 ms, found 2 plugins.
Preloading 0 native plugins for Editor in 0.00 ms.
Mono: successfully reloaded assembly
- Completed reload, in  0.699 seconds
Domain Reload Profiling:
	ReloadAssembly (699ms)
		BeginReloadAssembly (88ms)
			ExecutionOrderSort (0ms)
			DisableScriptedObjects (3ms)
			BackupInstance (0ms)
			ReleaseScriptingObjects (0ms)
			CreateAndSetChildDomain (29ms)
		EndReloadAssembly (567ms)
			LoadAssemblies (65ms)
			RebuildTransferFunctionScriptingTraits (0ms)
			SetupTypeCache (190ms)
			ReleaseScriptCaches (1ms)
			RebuildScriptCaches (27ms)
			SetupLoadedEditorAssemblies (224ms)
				LogAssemblyErrors (0ms)
				InitializePlatformSupportModulesInManaged (4ms)
				SetLoadedEditorAssemblies (0ms)
				RefreshPlugins (0ms)
				BeforeProcessingInitializeOnLoad (65ms)
				ProcessInitializeOnLoadAttributes (143ms)
				ProcessInitializeOnLoadMethodAttributes (7ms)
				AfterProcessingInitializeOnLoad (3ms)
				EditorAssembliesLoaded (0ms)
			ExecutionOrderSort2 (0ms)
			AwakeInstancesAfterBackupRestoration (5ms)
Platform modules already initialized, skipping
Refreshing native plugins compatible for Editor in 0.37 ms, found 2 plugins.
Preloading 0 native plugins for Editor in 0.00 ms.
Unloading 1650 Unused Serialized files (Serialized files now loaded: 0)
System memory in use before: 73.7 MB.
System memory in use after: 73.8 MB.

Unloading 12 unused Assets to reduce memory usage. Loaded Objects now: 2096.
Total: 2.499200 ms (FindLiveObjects: 0.150800 ms CreateObjectMapping: 0.038900 ms MarkObjects: 2.284100 ms  DeleteObjects: 0.024300 ms)

AssetImportParameters requested are different than current active one (requested -> active):
  custom:framework-win-MediaFoundation: 216162199b28c13a410421893ffa2e32 -> 
  custom:video-decoder-ogg-theora: a1e56fd34408186e4bbccfd4996cb3dc -> 
  custom:container-muxer-webm: aa71ff27fc2769a1b78a27578f13a17b -> 
  custom:container-demuxer-webm: 4f35f7cbe854078d1ac9338744f61a02 -> 
  custom:container-demuxer-ogg: 62fdf1f143b41e24485cea50d1cbac27 -> 
  custom:video-encoder-webm-vp8: eb34c28f22e8b96e1ab97ce403110664 -> 
  custom:video-codec-MediaFoundation-h265: 746d11721c4dcdbdad8f713fa42b33f4 -> 
  custom:video-decoder-webm-vp8: 9c59270c3fd7afecdb556c50c9e8de78 -> 
  custom:audio-decoder-ogg-vorbis: bf7c407c2cedff20999df2af8eb42d56 -> 
  custom:audio-encoder-webm-vorbis: bf7c407c2cedff20999df2af8eb42d56 -> 
========================================================================
Received Import Request.
  Time since last request: 66.048694 seconds.
  path: Assets/Chest of drawers/Chest of drawers.prefab
  artifactKey: Guid(1b6f5d3a81a4c8345a49046252843fa9) Importer(815301076,1909f56bfc062723c751e8b465ee728b)
Start importing Assets/Chest of drawers/Chest of drawers.prefab using Guid(1b6f5d3a81a4c8345a49046252843fa9) Importer(815301076,1909f56bfc062723c751e8b465ee728b)  -> (artifact id: '3d3c1a1a03159524f8c8ac211444da31') in 0.284565 seconds 
========================================================================
Received Import Request.
  Time since last request: 142.219473 seconds.
  path: Assets/Scenes
  artifactKey: Guid(f2419acba231d7f42af3d72df63a55e7) Importer(815301076,1909f56bfc062723c751e8b465ee728b)
Start importing Assets/Scenes using Guid(f2419acba231d7f42af3d72df63a55e7) Importer(815301076,1909f56bfc062723c751e8b465ee728b)  -> (artifact id: 'eda6505786c007865fae82d490ec97ce') in 0.008436 seconds 
========================================================================
Received Import Request.
  Time since last request: 7.645825 seconds.
  path: Assets/Scenes/Level1.unity
  artifactKey: Guid(fb468fbf6db1b0a4486c6079ad89ead8) Importer(815301076,1909f56bfc062723c751e8b465ee728b)
Start importing Assets/Scenes/Level1.unity using Guid(fb468fbf6db1b0a4486c6079ad89ead8) Importer(815301076,1909f56bfc062723c751e8b465ee728b)  -> (artifact id: '666c5785f887abd62fccaeda35c8019d') in 0.008528 seconds 
========================================================================
Received Import Request.
  Time since last request: 23.948078 seconds.
  path: Assets/Scenes/Drawer.unity
  artifactKey: Guid(a16740a0bfdf40a469cc06b4558d9862) Importer(815301076,1909f56bfc062723c751e8b465ee728b)
Start importing Assets/Scenes/Drawer.unity using Guid(a16740a0bfdf40a469cc06b4558d9862) Importer(815301076,1909f56bfc062723c751e8b465ee728b)  -> (artifact id: '6ac317ecbc290fdf484cd0a02a36bfc9') in 0.002350 seconds 
========================================================================
Received Import Request.
  Time since last request: 27.520321 seconds.
  path: Assets/Scenes/Locked Chest Puzzle 1.unity
  artifactKey: Guid(d0fcb3fcaca1b074b88c3121f20a9f0c) Importer(815301076,1909f56bfc062723c751e8b465ee728b)
Start importing Assets/Scenes/Locked Chest Puzzle 1.unity using Guid(d0fcb3fcaca1b074b88c3121f20a9f0c) Importer(815301076,1909f56bfc062723c751e8b465ee728b)  -> (artifact id: '135b344e2b1b797d3d5517546510aae3') in 0.002480 seconds 
========================================================================
Received Import Request.
  Time since last request: 12.250298 seconds.
  path: Assets/Scenes/Level 1.unity
  artifactKey: Guid(d0fcb3fcaca1b074b88c3121f20a9f0c) Importer(815301076,1909f56bfc062723c751e8b465ee728b)
Start importing Assets/Scenes/Level 1.unity using Guid(d0fcb3fcaca1b074b88c3121f20a9f0c) Importer(815301076,1909f56bfc062723c751e8b465ee728b)  -> (artifact id: '3a456a4515c8c219dd34e080065237d4') in 0.007398 seconds 
========================================================================
Received Prepare
Registering precompiled user dll's ...
Registered in 0.001933 seconds.
Begin MonoManager ReloadAssembly
Native extension for WindowsStandalone target not found
Refreshing native plugins compatible for Editor in 0.37 ms, found 2 plugins.
Preloading 0 native plugins for Editor in 0.00 ms.
Mono: successfully reloaded assembly
- Completed reload, in  0.711 seconds
Domain Reload Profiling:
	ReloadAssembly (712ms)
		BeginReloadAssembly (91ms)
			ExecutionOrderSort (0ms)
			DisableScriptedObjects (3ms)
			BackupInstance (0ms)
			ReleaseScriptingObjects (0ms)
			CreateAndSetChildDomain (31ms)
		EndReloadAssembly (576ms)
			LoadAssemblies (66ms)
			RebuildTransferFunctionScriptingTraits (0ms)
			SetupTypeCache (194ms)
			ReleaseScriptCaches (1ms)
			RebuildScriptCaches (28ms)
			SetupLoadedEditorAssemblies (227ms)
				LogAssemblyErrors (0ms)
				InitializePlatformSupportModulesInManaged (4ms)
				SetLoadedEditorAssemblies (0ms)
				RefreshPlugins (0ms)
				BeforeProcessingInitializeOnLoad (68ms)
				ProcessInitializeOnLoadAttributes (143ms)
				ProcessInitializeOnLoadMethodAttributes (7ms)
				AfterProcessingInitializeOnLoad (4ms)
				EditorAssembliesLoaded (0ms)
			ExecutionOrderSort2 (0ms)
			AwakeInstancesAfterBackupRestoration (5ms)
Platform modules already initialized, skipping
Refreshing native plugins compatible for Editor in 0.67 ms, found 2 plugins.
Preloading 0 native plugins for Editor in 0.00 ms.
Unloading 1650 Unused Serialized files (Serialized files now loaded: 0)
System memory in use before: 76.9 MB.
System memory in use after: 77.0 MB.

Unloading 12 unused Assets to reduce memory usage. Loaded Objects now: 2105.
Total: 2.717400 ms (FindLiveObjects: 0.141500 ms CreateObjectMapping: 0.036600 ms MarkObjects: 2.515100 ms  DeleteObjects: 0.022500 ms)

AssetImportParameters requested are different than current active one (requested -> active):
  custom:framework-win-MediaFoundation: 216162199b28c13a410421893ffa2e32 -> 
  custom:video-decoder-ogg-theora: a1e56fd34408186e4bbccfd4996cb3dc -> 
  custom:container-muxer-webm: aa71ff27fc2769a1b78a27578f13a17b -> 
  custom:container-demuxer-webm: 4f35f7cbe854078d1ac9338744f61a02 -> 
  custom:container-demuxer-ogg: 62fdf1f143b41e24485cea50d1cbac27 -> 
  custom:video-encoder-webm-vp8: eb34c28f22e8b96e1ab97ce403110664 -> 
  custom:video-codec-MediaFoundation-h265: 746d11721c4dcdbdad8f713fa42b33f4 -> 
  custom:video-decoder-webm-vp8: 9c59270c3fd7afecdb556c50c9e8de78 -> 
  custom:audio-decoder-ogg-vorbis: bf7c407c2cedff20999df2af8eb42d56 -> 
  custom:audio-encoder-webm-vorbis: bf7c407c2cedff20999df2af8eb42d56 -> 
========================================================================
Received Prepare
Registering precompiled user dll's ...
Registered in 0.002122 seconds.
Begin MonoManager ReloadAssembly
Native extension for WindowsStandalone target not found
Refreshing native plugins compatible for Editor in 0.46 ms, found 2 plugins.
Preloading 0 native plugins for Editor in 0.00 ms.
Mono: successfully reloaded assembly
- Completed reload, in  0.768 seconds
Domain Reload Profiling:
	ReloadAssembly (768ms)
		BeginReloadAssembly (94ms)
			ExecutionOrderSort (0ms)
			DisableScriptedObjects (3ms)
			BackupInstance (0ms)
			ReleaseScriptingObjects (0ms)
			CreateAndSetChildDomain (31ms)
		EndReloadAssembly (630ms)
			LoadAssemblies (70ms)
			RebuildTransferFunctionScriptingTraits (0ms)
			SetupTypeCache (224ms)
			ReleaseScriptCaches (1ms)
			RebuildScriptCaches (36ms)
			SetupLoadedEditorAssemblies (235ms)
				LogAssemblyErrors (0ms)
				InitializePlatformSupportModulesInManaged (4ms)
				SetLoadedEditorAssemblies (1ms)
				RefreshPlugins (1ms)
				BeforeProcessingInitializeOnLoad (74ms)
				ProcessInitializeOnLoadAttributes (144ms)
				ProcessInitializeOnLoadMethodAttributes (7ms)
				AfterProcessingInitializeOnLoad (4ms)
				EditorAssembliesLoaded (0ms)
			ExecutionOrderSort2 (0ms)
			AwakeInstancesAfterBackupRestoration (5ms)
Platform modules already initialized, skipping
Refreshing native plugins compatible for Editor in 0.46 ms, found 2 plugins.
Preloading 0 native plugins for Editor in 0.00 ms.
Unloading 1650 Unused Serialized files (Serialized files now loaded: 0)
System memory in use before: 76.9 MB.
System memory in use after: 77.0 MB.

Unloading 12 unused Assets to reduce memory usage. Loaded Objects now: 2107.
Total: 2.943900 ms (FindLiveObjects: 0.154000 ms CreateObjectMapping: 0.044600 ms MarkObjects: 2.723900 ms  DeleteObjects: 0.020400 ms)

AssetImportParameters requested are different than current active one (requested -> active):
  custom:framework-win-MediaFoundation: 216162199b28c13a410421893ffa2e32 -> 
  custom:video-decoder-ogg-theora: a1e56fd34408186e4bbccfd4996cb3dc -> 
  custom:container-muxer-webm: aa71ff27fc2769a1b78a27578f13a17b -> 
  custom:container-demuxer-webm: 4f35f7cbe854078d1ac9338744f61a02 -> 
  custom:container-demuxer-ogg: 62fdf1f143b41e24485cea50d1cbac27 -> 
  custom:video-encoder-webm-vp8: eb34c28f22e8b96e1ab97ce403110664 -> 
  custom:video-codec-MediaFoundation-h265: 746d11721c4dcdbdad8f713fa42b33f4 -> 
  custom:video-decoder-webm-vp8: 9c59270c3fd7afecdb556c50c9e8de78 -> 
  custom:audio-decoder-ogg-vorbis: bf7c407c2cedff20999df2af8eb42d56 -> 
  custom:audio-encoder-webm-vorbis: bf7c407c2cedff20999df2af8eb42d56 -> 
========================================================================
Received Import Request.
  Time since last request: 457.551591 seconds.
  path: Assets/Characters/Female/Warrior_Idle_Female.fbx
  artifactKey: Guid(9074e7b60a751c1468797c65dc8813ab) Importer(815301076,1909f56bfc062723c751e8b465ee728b)
Start importing Assets/Characters/Female/Warrior_Idle_Female.fbx using Guid(9074e7b60a751c1468797c65dc8813ab) Importer(815301076,1909f56bfc062723c751e8b465ee728b)  -> (artifact id: 'eea759ed37cf57f4fadf40284326c3a0') in 0.149786 seconds 
========================================================================
Received Import Request.
  Time since last request: 0.000154 seconds.
  path: Assets/Characters/Male/Idle_Male.fbx
  artifactKey: Guid(f6e09f0f771e62345b646d813510b220) Importer(815301076,1909f56bfc062723c751e8b465ee728b)
Start importing Assets/Characters/Male/Idle_Male.fbx using Guid(f6e09f0f771e62345b646d813510b220) Importer(815301076,1909f56bfc062723c751e8b465ee728b)  -> (artifact id: '4ac7514343a0c358d5325137c5815851') in 0.079535 seconds 
========================================================================
Received Import Request.
  Time since last request: 0.000153 seconds.
  path: Assets/Characters/Male/Fast_Run_Male.fbx
  artifactKey: Guid(34d99d540d330914a895351988b6d70f) Importer(815301076,1909f56bfc062723c751e8b465ee728b)
Start importing Assets/Characters/Male/Fast_Run_Male.fbx using Guid(34d99d540d330914a895351988b6d70f) Importer(815301076,1909f56bfc062723c751e8b465ee728b)  -> (artifact id: '63d0dd0d95cce028596ec30aaf839c45') in 0.077229 seconds 
========================================================================
Received Prepare
Registering precompiled user dll's ...
Registered in 0.002259 seconds.
Begin MonoManager ReloadAssembly
Native extension for WindowsStandalone target not found
Refreshing native plugins compatible for Editor in 0.37 ms, found 2 plugins.
Preloading 0 native plugins for Editor in 0.00 ms.
Mono: successfully reloaded assembly
- Completed reload, in  0.705 seconds
Domain Reload Profiling:
	ReloadAssembly (706ms)
		BeginReloadAssembly (89ms)
			ExecutionOrderSort (0ms)
			DisableScriptedObjects (3ms)
			BackupInstance (0ms)
			ReleaseScriptingObjects (0ms)
			CreateAndSetChildDomain (28ms)
		EndReloadAssembly (571ms)
			LoadAssemblies (67ms)
			RebuildTransferFunctionScriptingTraits (0ms)
			SetupTypeCache (189ms)
			ReleaseScriptCaches (1ms)
			RebuildScriptCaches (29ms)
			SetupLoadedEditorAssemblies (223ms)
				LogAssemblyErrors (0ms)
				InitializePlatformSupportModulesInManaged (4ms)
				SetLoadedEditorAssemblies (0ms)
				RefreshPlugins (0ms)
				BeforeProcessingInitializeOnLoad (67ms)
				ProcessInitializeOnLoadAttributes (141ms)
				ProcessInitializeOnLoadMethodAttributes (7ms)
				AfterProcessingInitializeOnLoad (4ms)
				EditorAssembliesLoaded (0ms)
			ExecutionOrderSort2 (0ms)
			AwakeInstancesAfterBackupRestoration (5ms)
Platform modules already initialized, skipping
Refreshing native plugins compatible for Editor in 0.39 ms, found 2 plugins.
Preloading 0 native plugins for Editor in 0.00 ms.
Unloading 1650 Unused Serialized files (Serialized files now loaded: 0)
System memory in use before: 90.7 MB.
System memory in use after: 90.9 MB.

Unloading 13 unused Assets to reduce memory usage. Loaded Objects now: 2114.
Total: 2.610600 ms (FindLiveObjects: 0.152700 ms CreateObjectMapping: 0.040300 ms MarkObjects: 2.390500 ms  DeleteObjects: 0.025900 ms)

AssetImportParameters requested are different than current active one (requested -> active):
  custom:framework-win-MediaFoundation: 216162199b28c13a410421893ffa2e32 -> 
  custom:video-decoder-ogg-theora: a1e56fd34408186e4bbccfd4996cb3dc -> 
  custom:container-muxer-webm: aa71ff27fc2769a1b78a27578f13a17b -> 
  custom:container-demuxer-webm: 4f35f7cbe854078d1ac9338744f61a02 -> 
  custom:container-demuxer-ogg: 62fdf1f143b41e24485cea50d1cbac27 -> 
  custom:video-encoder-webm-vp8: eb34c28f22e8b96e1ab97ce403110664 -> 
  custom:video-codec-MediaFoundation-h265: 746d11721c4dcdbdad8f713fa42b33f4 -> 
  custom:video-decoder-webm-vp8: 9c59270c3fd7afecdb556c50c9e8de78 -> 
  custom:audio-decoder-ogg-vorbis: bf7c407c2cedff20999df2af8eb42d56 -> 
  custom:audio-encoder-webm-vorbis: bf7c407c2cedff20999df2af8eb42d56 -> 
========================================================================
Received Import Request.
  Time since last request: 106.203519 seconds.
  path: Assets/Objects/Scopes Mechanism/4Scope_Collectible 2.mat
  artifactKey: Guid(b958fec4c87d63e4c9af600504593593) Importer(815301076,1909f56bfc062723c751e8b465ee728b)
Start importing Assets/Objects/Scopes Mechanism/4Scope_Collectible 2.mat using Guid(b958fec4c87d63e4c9af600504593593) Importer(815301076,1909f56bfc062723c751e8b465ee728b)  -> (artifact id: 'ade1fc979740d79aa29dddded1a811b0') in 0.054364 seconds 
========================================================================
Received Import Request.
  Time since last request: 0.000178 seconds.
  path: Assets/Objects/Scopes Mechanism/4Scope_Collectible.mat
  artifactKey: Guid(9ff3149529538944289d20369f3bedeb) Importer(815301076,1909f56bfc062723c751e8b465ee728b)
Start importing Assets/Objects/Scopes Mechanism/4Scope_Collectible.mat using Guid(9ff3149529538944289d20369f3bedeb) Importer(815301076,1909f56bfc062723c751e8b465ee728b)  -> (artifact id: 'cef558bd80d9c3856d5fdbe9cd1697fa') in 0.012324 seconds 
========================================================================
Received Import Request.
  Time since last request: 0.000259 seconds.
  path: Assets/Objects/Scopes Mechanism/Platform.mat
  artifactKey: Guid(162d290d2994ebf459bfb611b9f48f12) Importer(815301076,1909f56bfc062723c751e8b465ee728b)
Start importing Assets/Objects/Scopes Mechanism/Platform.mat using Guid(162d290d2994ebf459bfb611b9f48f12) Importer(815301076,1909f56bfc062723c751e8b465ee728b)  -> (artifact id: '1b735bc38917308f4d809c3ccbbfa23c') in 0.012475 seconds 
========================================================================
Received Import Request.
  Time since last request: 0.000180 seconds.
  path: Assets/Objects/Scopes Mechanism/Frame.mat
  artifactKey: Guid(cff876dae8ca42040b977c5009c30a6b) Importer(815301076,1909f56bfc062723c751e8b465ee728b)
Start importing Assets/Objects/Scopes Mechanism/Frame.mat using Guid(cff876dae8ca42040b977c5009c30a6b) Importer(815301076,1909f56bfc062723c751e8b465ee728b)  -> (artifact id: '2987233d540886998d49bb1d0fea5f73') in 0.015210 seconds 
========================================================================
Received Import Request.
  Time since last request: 0.000168 seconds.
  path: Assets/Objects/Scopes Mechanism/Door.mat
  artifactKey: Guid(5d46485e766b59f479f37bf21735b997) Importer(815301076,1909f56bfc062723c751e8b465ee728b)
Start importing Assets/Objects/Scopes Mechanism/Door.mat using Guid(5d46485e766b59f479f37bf21735b997) Importer(815301076,1909f56bfc062723c751e8b465ee728b)  -> (artifact id: '0518bf5ee308ed44e9035f57a70ec0b7') in 0.015908 seconds 
========================================================================
Received Import Request.
  Time since last request: 0.000168 seconds.
  path: Assets/Objects/Scopes Mechanism/4Scope_Collectible 3.mat
  artifactKey: Guid(625800582c375bd4a92bfe2d4c7d933d) Importer(815301076,1909f56bfc062723c751e8b465ee728b)
Start importing Assets/Objects/Scopes Mechanism/4Scope_Collectible 3.mat using Guid(625800582c375bd4a92bfe2d4c7d933d) Importer(815301076,1909f56bfc062723c751e8b465ee728b)  -> (artifact id: 'fb9dcf66ba1394b735c5a202bddd82c7') in 0.013506 seconds 
========================================================================
Received Import Request.
  Time since last request: 27.412925 seconds.
  path: Assets/Characters/Materials/Black_bottom.mat
  artifactKey: Guid(7f40390a9aa804646801bef8d8b3437a) Importer(815301076,1909f56bfc062723c751e8b465ee728b)
Start importing Assets/Characters/Materials/Black_bottom.mat using Guid(7f40390a9aa804646801bef8d8b3437a) Importer(815301076,1909f56bfc062723c751e8b465ee728b)  -> (artifact id: 'e5980bf938f205c09f80c4cf8301df86') in 0.018531 seconds 
========================================================================
Received Import Request.
  Time since last request: 0.000152 seconds.
  path: Assets/Drawers/Sources/Materials/meuble.mat
  artifactKey: Guid(6d29992e82e306a4aafd5f219da3f87c) Importer(815301076,1909f56bfc062723c751e8b465ee728b)
Start importing Assets/Drawers/Sources/Materials/meuble.mat using Guid(6d29992e82e306a4aafd5f219da3f87c) Importer(815301076,1909f56bfc062723c751e8b465ee728b)  -> (artifact id: '461ba1aaa5963d8d05d47d2180e596dc') in 0.014415 seconds 
========================================================================
Received Import Request.
  Time since last request: 0.000161 seconds.
  path: Assets/Characters/Materials/Uniform_Female.mat
  artifactKey: Guid(023fb638a51b64b48b48cf02119c8c78) Importer(815301076,1909f56bfc062723c751e8b465ee728b)
Start importing Assets/Characters/Materials/Uniform_Female.mat using Guid(023fb638a51b64b48b48cf02119c8c78) Importer(815301076,1909f56bfc062723c751e8b465ee728b)  -> (artifact id: '20245514735c0f75de3bafc9cae09d21') in 0.017364 seconds 
========================================================================
Received Import Request.
  Time since last request: 0.000160 seconds.
  path: Assets/Drawers/Sources/Materials/metal.mat
  artifactKey: Guid(e34f9227b3037cc408c36906bcaffb28) Importer(815301076,1909f56bfc062723c751e8b465ee728b)
Start importing Assets/Drawers/Sources/Materials/metal.mat using Guid(e34f9227b3037cc408c36906bcaffb28) Importer(815301076,1909f56bfc062723c751e8b465ee728b)  -> (artifact id: 'cd2d668a5f65f7b9584bc8857bb291af') in 0.013061 seconds 
========================================================================
Received Import Request.
  Time since last request: 0.000162 seconds.
  path: Assets/Characters/Materials/ustecicsLOGO.mat
  artifactKey: Guid(ec9dd72f44d3a734ea4b79d886a81b0b) Importer(815301076,1909f56bfc062723c751e8b465ee728b)
Start importing Assets/Characters/Materials/ustecicsLOGO.mat using Guid(ec9dd72f44d3a734ea4b79d886a81b0b) Importer(815301076,1909f56bfc062723c751e8b465ee728b)  -> (artifact id: 'cf6e93c8ddf9a37eba344e9ca4e7a98a') in 0.016551 seconds 
========================================================================
Received Import Request.
  Time since last request: 0.000167 seconds.
  path: Assets/Characters/Materials/Uniform_Male.mat
  artifactKey: Guid(2e657a5c7e05a774c94ed7fae585d24b) Importer(815301076,1909f56bfc062723c751e8b465ee728b)
Start importing Assets/Characters/Materials/Uniform_Male.mat using Guid(2e657a5c7e05a774c94ed7fae585d24b) Importer(815301076,1909f56bfc062723c751e8b465ee728b)  -> (artifact id: 'd7492e8249ce1df8c90228a113ebead9') in 0.019257 seconds 
========================================================================
Received Import Request.
  Time since last request: 0.000168 seconds.
  path: Assets/Drawers/Sources/Materials/Furniture-metal.mat
  artifactKey: Guid(53dff44fb39bef449a3e919395e35fee) Importer(815301076,1909f56bfc062723c751e8b465ee728b)
Start importing Assets/Drawers/Sources/Materials/Furniture-metal.mat using Guid(53dff44fb39bef449a3e919395e35fee) Importer(815301076,1909f56bfc062723c751e8b465ee728b)  -> (artifact id: '6574abab136a481764125b2b521b9214') in 0.021753 seconds 
========================================================================
Received Import Request.
  Time since last request: 0.000177 seconds.
  path: Assets/Characters/Female/Materials/Full Body.mat
  artifactKey: Guid(1d8df2ec7290a444bb45545c2c016f87) Importer(815301076,1909f56bfc062723c751e8b465ee728b)
Start importing Assets/Characters/Female/Materials/Full Body.mat using Guid(1d8df2ec7290a444bb45545c2c016f87) Importer(815301076,1909f56bfc062723c751e8b465ee728b)  -> (artifact id: '34a3ec56f3f7d0830c91c9b85ecfdf6e') in 0.021181 seconds 
========================================================================
Received Import Request.
  Time since last request: 0.000153 seconds.
  path: Assets/Characters/Female/Materials/Head_Skin.mat
  artifactKey: Guid(b65d1518cc3cb8c42beec33ca3055255) Importer(815301076,1909f56bfc062723c751e8b465ee728b)
Start importing Assets/Characters/Female/Materials/Head_Skin.mat using Guid(b65d1518cc3cb8c42beec33ca3055255) Importer(815301076,1909f56bfc062723c751e8b465ee728b)  -> (artifact id: 'eb6e27f3bb488f521bda6b0de0610a1d') in 0.020154 seconds 
========================================================================
Received Import Request.
  Time since last request: 0.000189 seconds.
  path: Assets/Characters/Materials/Head_Skin.mat
  artifactKey: Guid(fdf38990e77a8dd47addb007c213b8cf) Importer(815301076,1909f56bfc062723c751e8b465ee728b)
Start importing Assets/Characters/Materials/Head_Skin.mat using Guid(fdf38990e77a8dd47addb007c213b8cf) Importer(815301076,1909f56bfc062723c751e8b465ee728b)  -> (artifact id: '1bce729a19322fe7408a02e8db47e2d0') in 0.015531 seconds 
========================================================================
Received Import Request.
  Time since last request: 0.000205 seconds.
  path: Assets/Characters/Materials/Full Body.mat
  artifactKey: Guid(6224c0fecee69ed45af19cdf06310582) Importer(815301076,1909f56bfc062723c751e8b465ee728b)
Start importing Assets/Characters/Materials/Full Body.mat using Guid(6224c0fecee69ed45af19cdf06310582) Importer(815301076,1909f56bfc062723c751e8b465ee728b)  -> (artifact id: 'bf422a189cf6b2e5530dc8f4e85642ea') in 0.017439 seconds 
========================================================================
Received Import Request.
  Time since last request: 0.000170 seconds.
  path: Assets/Chest/Chests - PolyPack/Material/PolyPack_Main.mat
  artifactKey: Guid(620e0a98404faae4ca22686eac342262) Importer(815301076,1909f56bfc062723c751e8b465ee728b)
Start importing Assets/Chest/Chests - PolyPack/Material/PolyPack_Main.mat using Guid(620e0a98404faae4ca22686eac342262) Importer(815301076,1909f56bfc062723c751e8b465ee728b)  -> (artifact id: '44ac9e31a6a3eaf9d98004ec773230c0') in 0.015390 seconds 
========================================================================
Received Import Request.
  Time since last request: 0.000169 seconds.
  path: Assets/Characters/Materials/HairGirl.mat
  artifactKey: Guid(2437c8f6e13165f4982def1f24971dc8) Importer(815301076,1909f56bfc062723c751e8b465ee728b)
Start importing Assets/Characters/Materials/HairGirl.mat using Guid(2437c8f6e13165f4982def1f24971dc8) Importer(815301076,1909f56bfc062723c751e8b465ee728b)  -> (artifact id: 'f890642b60c5e1ead3d837896c73d021') in 0.014155 seconds 
========================================================================
Received Import Request.
  Time since last request: 0.000176 seconds.
  path: Assets/Drawers/Sources/Materials/Furniture-meuble.mat
  artifactKey: Guid(11df81935f02fd14ca04eb22f7b52a8c) Importer(815301076,1909f56bfc062723c751e8b465ee728b)
Start importing Assets/Drawers/Sources/Materials/Furniture-meuble.mat using Guid(11df81935f02fd14ca04eb22f7b52a8c) Importer(815301076,1909f56bfc062723c751e8b465ee728b)  -> (artifact id: 'f3ce63d97f0d9440d7e9773b13394726') in 0.174284 seconds 
========================================================================
Received Import Request.
  Time since last request: 13.585066 seconds.
  path: Assets/Drawers/Sources/Chest of drawers.FBX
  artifactKey: Guid(0ccd472cba226de41b565ef0ab256ed8) Importer(815301076,1909f56bfc062723c751e8b465ee728b)
Start importing Assets/Drawers/Sources/Chest of drawers.FBX using Guid(0ccd472cba226de41b565ef0ab256ed8) Importer(815301076,1909f56bfc062723c751e8b465ee728b)  -> (artifact id: 'cf56b73a12d60769e8283aba6bd9f761') in 0.130943 seconds 
========================================================================
Received Import Request.
  Time since last request: 0.000167 seconds.
  path: Assets/Chest/Chests - PolyPack/Models/ChestV2_Loot.fbx
  artifactKey: Guid(84990dc33e3ccb9429f54aaee7be7fb1) Importer(815301076,1909f56bfc062723c751e8b465ee728b)
Start importing Assets/Chest/Chests - PolyPack/Models/ChestV2_Loot.fbx using Guid(84990dc33e3ccb9429f54aaee7be7fb1) Importer(815301076,1909f56bfc062723c751e8b465ee728b)  -> (artifact id: 'b6b4fdafa5ff7630e79f81d6b62eb961') in 0.025451 seconds 
========================================================================
Received Import Request.
  Time since last request: 0.000151 seconds.
  path: Assets/Chest/Chests - PolyPack/Models/ChestV3.fbx
  artifactKey: Guid(721802e1fc935344ba69b92b6c2c4128) Importer(815301076,1909f56bfc062723c751e8b465ee728b)
Start importing Assets/Chest/Chests - PolyPack/Models/ChestV3.fbx using Guid(721802e1fc935344ba69b92b6c2c4128) Importer(815301076,1909f56bfc062723c751e8b465ee728b)  -> (artifact id: '51a4a827d9edba53c0f300c7beaaacd9') in 0.052086 seconds 
========================================================================
Received Import Request.
  Time since last request: 0.000150 seconds.
  path: Assets/Chest/Chests - PolyPack/Models/ChestV1_Loot.fbx
  artifactKey: Guid(12d2ddc52aac3954c8c610dafa11fc63) Importer(815301076,1909f56bfc062723c751e8b465ee728b)
Start importing Assets/Chest/Chests - PolyPack/Models/ChestV1_Loot.fbx using Guid(12d2ddc52aac3954c8c610dafa11fc63) Importer(815301076,1909f56bfc062723c751e8b465ee728b)  -> (artifact id: '5f74e5237b68647cd667f08e9a45a0fb') in 0.022489 seconds 
========================================================================
Received Import Request.
  Time since last request: 0.000194 seconds.
  path: Assets/Chest/Chests - PolyPack/Models/ChestV3_Loot.fbx
  artifactKey: Guid(b35e0eec39f29f64790afc0ce1d03366) Importer(815301076,1909f56bfc062723c751e8b465ee728b)
Start importing Assets/Chest/Chests - PolyPack/Models/ChestV3_Loot.fbx using Guid(b35e0eec39f29f64790afc0ce1d03366) Importer(815301076,1909f56bfc062723c751e8b465ee728b)  -> (artifact id: 'bd83b634cce45c9edf7d76f9daee5991') in 0.020901 seconds 
========================================================================
Received Import Request.
  Time since last request: 0.000174 seconds.
  path: Assets/Chest/Chests - PolyPack/Models/ChestV1.fbx
  artifactKey: Guid(389145416c3991c4fa052f7911e54332) Importer(815301076,1909f56bfc062723c751e8b465ee728b)
Start importing Assets/Chest/Chests - PolyPack/Models/ChestV1.fbx using Guid(389145416c3991c4fa052f7911e54332) Importer(815301076,1909f56bfc062723c751e8b465ee728b)  -> (artifact id: 'd93964ffcc61bd491f84dd65dea03297') in 0.049543 seconds 
========================================================================
Received Import Request.
  Time since last request: 0.000172 seconds.
  path: Assets/Chest/Chests - PolyPack/Models/ChestV2_Lock.fbx
  artifactKey: Guid(e997935e35184b5458c22a240218e647) Importer(815301076,1909f56bfc062723c751e8b465ee728b)
Start importing Assets/Chest/Chests - PolyPack/Models/ChestV2_Lock.fbx using Guid(e997935e35184b5458c22a240218e647) Importer(815301076,1909f56bfc062723c751e8b465ee728b)  -> (artifact id: '8fd324af7b4f9face0356d8e2bd976ee') in 0.025221 seconds 
========================================================================
Received Import Request.
  Time since last request: 0.000192 seconds.
  path: Assets/Chest/Chests - PolyPack/Models/ChestV1_Lock.fbx
  artifactKey: Guid(a4fc3c8b6b668134db3eb36ca69ba50c) Importer(815301076,1909f56bfc062723c751e8b465ee728b)
Start importing Assets/Chest/Chests - PolyPack/Models/ChestV1_Lock.fbx using Guid(a4fc3c8b6b668134db3eb36ca69ba50c) Importer(815301076,1909f56bfc062723c751e8b465ee728b)  -> (artifact id: '8d0904090e5b66445e954bdb8ab730e8') in 0.024635 seconds 
========================================================================
Received Import Request.
  Time since last request: 0.000169 seconds.
  path: Assets/Chest/Chests - PolyPack/Models/ChestV3_Lock.fbx
  artifactKey: Guid(eb5e2e1156f07f847894a7effa36f9f5) Importer(815301076,1909f56bfc062723c751e8b465ee728b)
Start importing Assets/Chest/Chests - PolyPack/Models/ChestV3_Lock.fbx using Guid(eb5e2e1156f07f847894a7effa36f9f5) Importer(815301076,1909f56bfc062723c751e8b465ee728b)  -> (artifact id: '8b0bcb3a7f7b1e21feaaefb337b7f1a1') in 0.019539 seconds 
========================================================================
Received Import Request.
  Time since last request: 0.000179 seconds.
  path: Assets/Chest/Chests - PolyPack/Models/ChestV2.fbx
  artifactKey: Guid(35bc3884dfa23b048b61b99c0548b6e2) Importer(815301076,1909f56bfc062723c751e8b465ee728b)
Start importing Assets/Chest/Chests - PolyPack/Models/ChestV2.fbx using Guid(35bc3884dfa23b048b61b99c0548b6e2) Importer(815301076,1909f56bfc062723c751e8b465ee728b)  -> (artifact id: '6b2976abd1494f5ff46eab42733f4d83') in 0.042239 seconds 
========================================================================
Received Import Request.
  Time since last request: 1.348263 seconds.
  path: Assets/Chest/Chests - PolyPack/Prefabs/ChestV1.prefab
  artifactKey: Guid(07f9fbf665ac5474dbc0ac26d35d7c8c) Importer(815301076,1909f56bfc062723c751e8b465ee728b)
Start importing Assets/Chest/Chests - PolyPack/Prefabs/ChestV1.prefab using Guid(07f9fbf665ac5474dbc0ac26d35d7c8c) Importer(815301076,1909f56bfc062723c751e8b465ee728b)  -> (artifact id: '20d3889d35193e6fbeff0cc497efab88') in 0.013666 seconds 
========================================================================
Received Import Request.
  Time since last request: 0.000165 seconds.
  path: Assets/Chest/Chests - PolyPack/Prefabs/ChestV3_Loot.prefab
  artifactKey: Guid(4ab6fa3d1fedfca4fa3ae6a2f34048bb) Importer(815301076,1909f56bfc062723c751e8b465ee728b)
Start importing Assets/Chest/Chests - PolyPack/Prefabs/ChestV3_Loot.prefab using Guid(4ab6fa3d1fedfca4fa3ae6a2f34048bb) Importer(815301076,1909f56bfc062723c751e8b465ee728b)  -> (artifact id: '77ef769f593f90de008371c71728c7e2') in 0.015685 seconds 
========================================================================
Received Import Request.
  Time since last request: 0.000175 seconds.
  path: Assets/Chest/Chests - PolyPack/Prefabs/ChestV2_Lock.prefab
  artifactKey: Guid(c4d86f11f67665140ae812ecb6d01187) Importer(815301076,1909f56bfc062723c751e8b465ee728b)
Start importing Assets/Chest/Chests - PolyPack/Prefabs/ChestV2_Lock.prefab using Guid(c4d86f11f67665140ae812ecb6d01187) Importer(815301076,1909f56bfc062723c751e8b465ee728b)  -> (artifact id: '3c2a232de055b44f3cf39665eeb9c210') in 0.015878 seconds 
========================================================================
Received Import Request.
  Time since last request: 0.000236 seconds.
  path: Assets/Chest/Chests - PolyPack/Prefabs/ChestV3_Lock.prefab
  artifactKey: Guid(e70771266301f254cacb6582f0c9ebcb) Importer(815301076,1909f56bfc062723c751e8b465ee728b)
Start importing Assets/Chest/Chests - PolyPack/Prefabs/ChestV3_Lock.prefab using Guid(e70771266301f254cacb6582f0c9ebcb) Importer(815301076,1909f56bfc062723c751e8b465ee728b)  -> (artifact id: '9bb6d72f09005448bfff3ffeab55301a') in 0.017969 seconds 
========================================================================
Received Import Request.
  Time since last request: 0.000167 seconds.
  path: Assets/Chest/Chests - PolyPack/Prefabs/ChestV1_Lock.prefab
  artifactKey: Guid(87a931a840b1d9a4e92732af90a54bbc) Importer(815301076,1909f56bfc062723c751e8b465ee728b)
Start importing Assets/Chest/Chests - PolyPack/Prefabs/ChestV1_Lock.prefab using Guid(87a931a840b1d9a4e92732af90a54bbc) Importer(815301076,1909f56bfc062723c751e8b465ee728b)  -> (artifact id: '2be7e13c92b150206a61595f103ea530') in 0.012689 seconds 
========================================================================
Received Import Request.
  Time since last request: 0.000211 seconds.
  path: Assets/Chest/Chests - PolyPack/Prefabs/ChestV3.prefab
  artifactKey: Guid(b219ec120eefaf54896fb330e6a84dd5) Importer(815301076,1909f56bfc062723c751e8b465ee728b)
Start importing Assets/Chest/Chests - PolyPack/Prefabs/ChestV3.prefab using Guid(b219ec120eefaf54896fb330e6a84dd5) Importer(815301076,1909f56bfc062723c751e8b465ee728b)  -> (artifact id: '783a338d523d0a079eeb8a9e28f437f8') in 0.019108 seconds 
========================================================================
Received Import Request.
  Time since last request: 0.000165 seconds.
  path: Assets/Chest/Chests - PolyPack/Prefabs/ChestV1_Loot.prefab
  artifactKey: Guid(117d1a029960d594f96bae9acdb46e33) Importer(815301076,1909f56bfc062723c751e8b465ee728b)
Start importing Assets/Chest/Chests - PolyPack/Prefabs/ChestV1_Loot.prefab using Guid(117d1a029960d594f96bae9acdb46e33) Importer(815301076,1909f56bfc062723c751e8b465ee728b)  -> (artifact id: '1ebe77bbc740e76ef7aed73a02e2eda3') in 0.016020 seconds 
========================================================================
Received Import Request.
  Time since last request: 0.000173 seconds.
  path: Assets/Chest/Chests - PolyPack/Prefabs/ChestV2_Loot.prefab
  artifactKey: Guid(477d9eca5568952448a5dc8659160ff9) Importer(815301076,1909f56bfc062723c751e8b465ee728b)
Start importing Assets/Chest/Chests - PolyPack/Prefabs/ChestV2_Loot.prefab using Guid(477d9eca5568952448a5dc8659160ff9) Importer(815301076,1909f56bfc062723c751e8b465ee728b)  -> (artifact id: 'f734b2c391d87d0a4bb34fe29b817553') in 0.016549 seconds 
========================================================================
Received Import Request.
  Time since last request: 0.000276 seconds.
  path: Assets/Chest/Chests - PolyPack/Prefabs/ChestV2.prefab
  artifactKey: Guid(a4e34a86eb69d034aa2fe30ec63d10d5) Importer(815301076,1909f56bfc062723c751e8b465ee728b)
Start importing Assets/Chest/Chests - PolyPack/Prefabs/ChestV2.prefab using Guid(a4e34a86eb69d034aa2fe30ec63d10d5) Importer(815301076,1909f56bfc062723c751e8b465ee728b)  -> (artifact id: '0939e048f1ad6437d2205e2fb10b4d15') in 0.018853 seconds 
========================================================================
Received Import Request.
  Time since last request: 9.550222 seconds.
  path: Assets/Objects
  artifactKey: Guid(ecc4f45166ad10246a0a740bb84bd9ae) Importer(815301076,1909f56bfc062723c751e8b465ee728b)
Start importing Assets/Objects using Guid(ecc4f45166ad10246a0a740bb84bd9ae) Importer(815301076,1909f56bfc062723c751e8b465ee728b)  -> (artifact id: 'd53ab24d21bdfae0c74105ef4e15fd77') in 0.008170 seconds 
========================================================================
Received Import Request.
  Time since last request: 7.392733 seconds.
  path: Assets/Objects/Platforms
  artifactKey: Guid(d8bfb391ec681de4785f21325ef2a9f6) Importer(815301076,1909f56bfc062723c751e8b465ee728b)
Start importing Assets/Objects/Platforms using Guid(d8bfb391ec681de4785f21325ef2a9f6) Importer(815301076,1909f56bfc062723c751e8b465ee728b)  -> (artifact id: '477203c9ec55a262d6b90ff8bad074e1') in 0.007642 seconds 
========================================================================
Received Import Request.
  Time since last request: 40.281983 seconds.
  path: Assets/Objects/Platforms/Platform Main.mat
  artifactKey: Guid(4c68b8c9b933b444aac07d882c950cb8) Importer(815301076,1909f56bfc062723c751e8b465ee728b)
Start importing Assets/Objects/Platforms/Platform Main.mat using Guid(4c68b8c9b933b444aac07d882c950cb8) Importer(815301076,1909f56bfc062723c751e8b465ee728b)  -> (artifact id: '84b8ca2ff1bd1a5767741ca59a8cf9c8') in 0.015548 seconds 
========================================================================
Received Import Request.
  Time since last request: 39.490697 seconds.
  path: Assets/Objects/Platforms/Platform Inner.mat
  artifactKey: Guid(cca9dc44ef91ff4448d3b41d4c7d8c0a) Importer(815301076,1909f56bfc062723c751e8b465ee728b)
Start importing Assets/Objects/Platforms/Platform Inner.mat using Guid(cca9dc44ef91ff4448d3b41d4c7d8c0a) Importer(815301076,1909f56bfc062723c751e8b465ee728b)  -> (artifact id: '3dcbb112ad8b22e97369f843c4f99d21') in 0.014504 seconds 
========================================================================
Received Prepare
Registering precompiled user dll's ...
Registered in 0.002031 seconds.
Begin MonoManager ReloadAssembly
Native extension for WindowsStandalone target not found
Refreshing native plugins compatible for Editor in 0.44 ms, found 2 plugins.
Preloading 0 native plugins for Editor in 0.00 ms.
Mono: successfully reloaded assembly
- Completed reload, in  0.762 seconds
Domain Reload Profiling:
	ReloadAssembly (762ms)
		BeginReloadAssembly (91ms)
			ExecutionOrderSort (0ms)
			DisableScriptedObjects (3ms)
			BackupInstance (0ms)
			ReleaseScriptingObjects (0ms)
			CreateAndSetChildDomain (29ms)
		EndReloadAssembly (626ms)
			LoadAssemblies (68ms)
			RebuildTransferFunctionScriptingTraits (0ms)
			SetupTypeCache (195ms)
			ReleaseScriptCaches (1ms)
			RebuildScriptCaches (31ms)
			SetupLoadedEditorAssemblies (262ms)
				LogAssemblyErrors (0ms)
				InitializePlatformSupportModulesInManaged (4ms)
				SetLoadedEditorAssemblies (1ms)
				RefreshPlugins (1ms)
				BeforeProcessingInitializeOnLoad (76ms)
				ProcessInitializeOnLoadAttributes (167ms)
				ProcessInitializeOnLoadMethodAttributes (9ms)
				AfterProcessingInitializeOnLoad (4ms)
				EditorAssembliesLoaded (0ms)
			ExecutionOrderSort2 (0ms)
			AwakeInstancesAfterBackupRestoration (6ms)
Platform modules already initialized, skipping
Refreshing native plugins compatible for Editor in 0.44 ms, found 2 plugins.
Preloading 0 native plugins for Editor in 0.00 ms.
Unloading 1650 Unused Serialized files (Serialized files now loaded: 0)
System memory in use before: 91.0 MB.
System memory in use after: 91.1 MB.

Unloading 12 unused Assets to reduce memory usage. Loaded Objects now: 2150.
Total: 3.516300 ms (FindLiveObjects: 0.291400 ms CreateObjectMapping: 0.122800 ms MarkObjects: 3.062300 ms  DeleteObjects: 0.037900 ms)

AssetImportParameters requested are different than current active one (requested -> active):
  custom:framework-win-MediaFoundation: 216162199b28c13a410421893ffa2e32 -> 
  custom:video-decoder-ogg-theora: a1e56fd34408186e4bbccfd4996cb3dc -> 
  custom:container-muxer-webm: aa71ff27fc2769a1b78a27578f13a17b -> 
  custom:container-demuxer-webm: 4f35f7cbe854078d1ac9338744f61a02 -> 
  custom:container-demuxer-ogg: 62fdf1f143b41e24485cea50d1cbac27 -> 
  custom:video-encoder-webm-vp8: eb34c28f22e8b96e1ab97ce403110664 -> 
  custom:video-codec-MediaFoundation-h265: 746d11721c4dcdbdad8f713fa42b33f4 -> 
  custom:video-decoder-webm-vp8: 9c59270c3fd7afecdb556c50c9e8de78 -> 
  custom:audio-decoder-ogg-vorbis: bf7c407c2cedff20999df2af8eb42d56 -> 
  custom:audio-encoder-webm-vorbis: bf7c407c2cedff20999df2af8eb42d56 -> 
========================================================================
Received Import Request.
  Time since last request: 145.223659 seconds.
  path: Assets/Objects/Platforms/Platform Main.mat
  artifactKey: Guid(4c68b8c9b933b444aac07d882c950cb8) Importer(815301076,1909f56bfc062723c751e8b465ee728b)
Start importing Assets/Objects/Platforms/Platform Main.mat using Guid(4c68b8c9b933b444aac07d882c950cb8) Importer(815301076,1909f56bfc062723c751e8b465ee728b)  -> (artifact id: 'a434af80765f9d1918048f2d70b25f9d') in 0.065237 seconds 
========================================================================
Received Import Request.
  Time since last request: 0.000200 seconds.
  path: Assets/Objects/Platforms/Platform Inner.mat
  artifactKey: Guid(cca9dc44ef91ff4448d3b41d4c7d8c0a) Importer(815301076,1909f56bfc062723c751e8b465ee728b)
Start importing Assets/Objects/Platforms/Platform Inner.mat using Guid(cca9dc44ef91ff4448d3b41d4c7d8c0a) Importer(815301076,1909f56bfc062723c751e8b465ee728b)  -> (artifact id: '2a6e3593e2bb1c0ac0561f4855679aea') in 0.012325 seconds 
========================================================================
Received Prepare
Registering precompiled user dll's ...
Registered in 0.002089 seconds.
Begin MonoManager ReloadAssembly
Native extension for WindowsStandalone target not found
Refreshing native plugins compatible for Editor in 0.38 ms, found 2 plugins.
Preloading 0 native plugins for Editor in 0.00 ms.
Mono: successfully reloaded assembly
- Completed reload, in  0.712 seconds
Domain Reload Profiling:
	ReloadAssembly (712ms)
		BeginReloadAssembly (93ms)
			ExecutionOrderSort (0ms)
			DisableScriptedObjects (3ms)
			BackupInstance (0ms)
			ReleaseScriptingObjects (0ms)
			CreateAndSetChildDomain (29ms)
		EndReloadAssembly (573ms)
			LoadAssemblies (70ms)
			RebuildTransferFunctionScriptingTraits (0ms)
			SetupTypeCache (185ms)
			ReleaseScriptCaches (1ms)
			RebuildScriptCaches (30ms)
			SetupLoadedEditorAssemblies (226ms)
				LogAssemblyErrors (0ms)
				InitializePlatformSupportModulesInManaged (4ms)
				SetLoadedEditorAssemblies (0ms)
				RefreshPlugins (0ms)
				BeforeProcessingInitializeOnLoad (68ms)
				ProcessInitializeOnLoadAttributes (143ms)
				ProcessInitializeOnLoadMethodAttributes (7ms)
				AfterProcessingInitializeOnLoad (4ms)
				EditorAssembliesLoaded (0ms)
			ExecutionOrderSort2 (0ms)
			AwakeInstancesAfterBackupRestoration (8ms)
Platform modules already initialized, skipping
Refreshing native plugins compatible for Editor in 0.39 ms, found 2 plugins.
Preloading 0 native plugins for Editor in 0.00 ms.
Unloading 1650 Unused Serialized files (Serialized files now loaded: 0)
System memory in use before: 91.0 MB.
System memory in use after: 91.1 MB.

Unloading 12 unused Assets to reduce memory usage. Loaded Objects now: 2153.
Total: 2.605100 ms (FindLiveObjects: 0.152700 ms CreateObjectMapping: 0.041000 ms MarkObjects: 2.391700 ms  DeleteObjects: 0.018900 ms)

AssetImportParameters requested are different than current active one (requested -> active):
  custom:framework-win-MediaFoundation: 216162199b28c13a410421893ffa2e32 -> 
  custom:video-decoder-ogg-theora: a1e56fd34408186e4bbccfd4996cb3dc -> 
  custom:container-muxer-webm: aa71ff27fc2769a1b78a27578f13a17b -> 
  custom:container-demuxer-webm: 4f35f7cbe854078d1ac9338744f61a02 -> 
  custom:container-demuxer-ogg: 62fdf1f143b41e24485cea50d1cbac27 -> 
  custom:video-encoder-webm-vp8: eb34c28f22e8b96e1ab97ce403110664 -> 
  custom:video-codec-MediaFoundation-h265: 746d11721c4dcdbdad8f713fa42b33f4 -> 
  custom:video-decoder-webm-vp8: 9c59270c3fd7afecdb556c50c9e8de78 -> 
  custom:audio-decoder-ogg-vorbis: bf7c407c2cedff20999df2af8eb42d56 -> 
  custom:audio-encoder-webm-vorbis: bf7c407c2cedff20999df2af8eb42d56 -> 
========================================================================
Received Prepare
Registering precompiled user dll's ...
Registered in 0.002290 seconds.
Begin MonoManager ReloadAssembly
Native extension for WindowsStandalone target not found
Refreshing native plugins compatible for Editor in 0.49 ms, found 2 plugins.
Preloading 0 native plugins for Editor in 0.00 ms.
Mono: successfully reloaded assembly
- Completed reload, in  0.869 seconds
Domain Reload Profiling:
	ReloadAssembly (870ms)
		BeginReloadAssembly (106ms)
			ExecutionOrderSort (0ms)
			DisableScriptedObjects (4ms)
			BackupInstance (0ms)
			ReleaseScriptingObjects (0ms)
			CreateAndSetChildDomain (34ms)
		EndReloadAssembly (712ms)
			LoadAssemblies (80ms)
			RebuildTransferFunctionScriptingTraits (0ms)
			SetupTypeCache (227ms)
			ReleaseScriptCaches (1ms)
			RebuildScriptCaches (36ms)
			SetupLoadedEditorAssemblies (295ms)
				LogAssemblyErrors (0ms)
				InitializePlatformSupportModulesInManaged (4ms)
				SetLoadedEditorAssemblies (1ms)
				RefreshPlugins (1ms)
				BeforeProcessingInitializeOnLoad (87ms)
				ProcessInitializeOnLoadAttributes (187ms)
				ProcessInitializeOnLoadMethodAttributes (10ms)
				AfterProcessingInitializeOnLoad (5ms)
				EditorAssembliesLoaded (0ms)
			ExecutionOrderSort2 (0ms)
			AwakeInstancesAfterBackupRestoration (7ms)
Platform modules already initialized, skipping
Refreshing native plugins compatible for Editor in 0.51 ms, found 2 plugins.
Preloading 0 native plugins for Editor in 0.00 ms.
Unloading 1650 Unused Serialized files (Serialized files now loaded: 0)
System memory in use before: 91.0 MB.
System memory in use after: 91.1 MB.

Unloading 12 unused Assets to reduce memory usage. Loaded Objects now: 2155.
Total: 3.146100 ms (FindLiveObjects: 0.188500 ms CreateObjectMapping: 0.042700 ms MarkObjects: 2.882500 ms  DeleteObjects: 0.030900 ms)

AssetImportParameters requested are different than current active one (requested -> active):
  custom:framework-win-MediaFoundation: 216162199b28c13a410421893ffa2e32 -> 
  custom:video-decoder-ogg-theora: a1e56fd34408186e4bbccfd4996cb3dc -> 
  custom:container-muxer-webm: aa71ff27fc2769a1b78a27578f13a17b -> 
  custom:container-demuxer-webm: 4f35f7cbe854078d1ac9338744f61a02 -> 
  custom:container-demuxer-ogg: 62fdf1f143b41e24485cea50d1cbac27 -> 
  custom:video-encoder-webm-vp8: eb34c28f22e8b96e1ab97ce403110664 -> 
  custom:video-codec-MediaFoundation-h265: 746d11721c4dcdbdad8f713fa42b33f4 -> 
  custom:video-decoder-webm-vp8: 9c59270c3fd7afecdb556c50c9e8de78 -> 
  custom:audio-decoder-ogg-vorbis: bf7c407c2cedff20999df2af8eb42d56 -> 
  custom:audio-encoder-webm-vorbis: bf7c407c2cedff20999df2af8eb42d56 -> 
========================================================================
Received Prepare
Registering precompiled user dll's ...
Registered in 0.002756 seconds.
Begin MonoManager ReloadAssembly
Native extension for WindowsStandalone target not found
Refreshing native plugins compatible for Editor in 0.38 ms, found 2 plugins.
Preloading 0 native plugins for Editor in 0.00 ms.
Mono: successfully reloaded assembly
- Completed reload, in  0.702 seconds
Domain Reload Profiling:
	ReloadAssembly (703ms)
		BeginReloadAssembly (87ms)
			ExecutionOrderSort (0ms)
			DisableScriptedObjects (3ms)
			BackupInstance (0ms)
			ReleaseScriptingObjects (0ms)
			CreateAndSetChildDomain (28ms)
		EndReloadAssembly (571ms)
			LoadAssemblies (66ms)
			RebuildTransferFunctionScriptingTraits (0ms)
			SetupTypeCache (187ms)
			ReleaseScriptCaches (1ms)
			RebuildScriptCaches (28ms)
			SetupLoadedEditorAssemblies (230ms)
				LogAssemblyErrors (0ms)
				InitializePlatformSupportModulesInManaged (4ms)
				SetLoadedEditorAssemblies (1ms)
				RefreshPlugins (0ms)
				BeforeProcessingInitializeOnLoad (66ms)
				ProcessInitializeOnLoadAttributes (148ms)
				ProcessInitializeOnLoadMethodAttributes (7ms)
				AfterProcessingInitializeOnLoad (4ms)
				EditorAssembliesLoaded (0ms)
			ExecutionOrderSort2 (0ms)
			AwakeInstancesAfterBackupRestoration (5ms)
Platform modules already initialized, skipping
Refreshing native plugins compatible for Editor in 0.46 ms, found 2 plugins.
Preloading 0 native plugins for Editor in 0.00 ms.
Unloading 1650 Unused Serialized files (Serialized files now loaded: 0)
System memory in use before: 91.0 MB.
System memory in use after: 91.1 MB.

Unloading 12 unused Assets to reduce memory usage. Loaded Objects now: 2157.
Total: 2.781400 ms (FindLiveObjects: 0.146800 ms CreateObjectMapping: 0.058800 ms MarkObjects: 2.552600 ms  DeleteObjects: 0.022400 ms)

AssetImportParameters requested are different than current active one (requested -> active):
  custom:framework-win-MediaFoundation: 216162199b28c13a410421893ffa2e32 -> 
  custom:video-decoder-ogg-theora: a1e56fd34408186e4bbccfd4996cb3dc -> 
  custom:container-muxer-webm: aa71ff27fc2769a1b78a27578f13a17b -> 
  custom:container-demuxer-webm: 4f35f7cbe854078d1ac9338744f61a02 -> 
  custom:container-demuxer-ogg: 62fdf1f143b41e24485cea50d1cbac27 -> 
  custom:video-encoder-webm-vp8: eb34c28f22e8b96e1ab97ce403110664 -> 
  custom:video-codec-MediaFoundation-h265: 746d11721c4dcdbdad8f713fa42b33f4 -> 
  custom:video-decoder-webm-vp8: 9c59270c3fd7afecdb556c50c9e8de78 -> 
  custom:audio-decoder-ogg-vorbis: bf7c407c2cedff20999df2af8eb42d56 -> 
  custom:audio-encoder-webm-vorbis: bf7c407c2cedff20999df2af8eb42d56 -> 
========================================================================
Received Prepare
Registering precompiled user dll's ...
Registered in 0.002063 seconds.
Begin MonoManager ReloadAssembly
Native extension for WindowsStandalone target not found
Refreshing native plugins compatible for Editor in 0.38 ms, found 2 plugins.
Preloading 0 native plugins for Editor in 0.00 ms.
Mono: successfully reloaded assembly
- Completed reload, in  0.695 seconds
Domain Reload Profiling:
	ReloadAssembly (695ms)
		BeginReloadAssembly (90ms)
			ExecutionOrderSort (0ms)
			DisableScriptedObjects (4ms)
			BackupInstance (0ms)
			ReleaseScriptingObjects (0ms)
			CreateAndSetChildDomain (28ms)
		EndReloadAssembly (560ms)
			LoadAssemblies (68ms)
			RebuildTransferFunctionScriptingTraits (0ms)
			SetupTypeCache (179ms)
			ReleaseScriptCaches (1ms)
			RebuildScriptCaches (29ms)
			SetupLoadedEditorAssemblies (227ms)
				LogAssemblyErrors (0ms)
				InitializePlatformSupportModulesInManaged (3ms)
				SetLoadedEditorAssemblies (1ms)
				RefreshPlugins (0ms)
				BeforeProcessingInitializeOnLoad (67ms)
				ProcessInitializeOnLoadAttributes (143ms)
				ProcessInitializeOnLoadMethodAttributes (8ms)
				AfterProcessingInitializeOnLoad (4ms)
				EditorAssembliesLoaded (0ms)
			ExecutionOrderSort2 (0ms)
			AwakeInstancesAfterBackupRestoration (5ms)
Platform modules already initialized, skipping
Refreshing native plugins compatible for Editor in 0.63 ms, found 2 plugins.
Preloading 0 native plugins for Editor in 0.00 ms.
Unloading 1650 Unused Serialized files (Serialized files now loaded: 0)
System memory in use before: 91.0 MB.
System memory in use after: 91.1 MB.

Unloading 12 unused Assets to reduce memory usage. Loaded Objects now: 2159.
Total: 3.252800 ms (FindLiveObjects: 0.160200 ms CreateObjectMapping: 0.039500 ms MarkObjects: 3.017100 ms  DeleteObjects: 0.034700 ms)

AssetImportParameters requested are different than current active one (requested -> active):
  custom:framework-win-MediaFoundation: 216162199b28c13a410421893ffa2e32 -> 
  custom:video-decoder-ogg-theora: a1e56fd34408186e4bbccfd4996cb3dc -> 
  custom:container-muxer-webm: aa71ff27fc2769a1b78a27578f13a17b -> 
  custom:container-demuxer-webm: 4f35f7cbe854078d1ac9338744f61a02 -> 
  custom:container-demuxer-ogg: 62fdf1f143b41e24485cea50d1cbac27 -> 
  custom:video-encoder-webm-vp8: eb34c28f22e8b96e1ab97ce403110664 -> 
  custom:video-codec-MediaFoundation-h265: 746d11721c4dcdbdad8f713fa42b33f4 -> 
  custom:video-decoder-webm-vp8: 9c59270c3fd7afecdb556c50c9e8de78 -> 
  custom:audio-decoder-ogg-vorbis: bf7c407c2cedff20999df2af8eb42d56 -> 
  custom:audio-encoder-webm-vorbis: bf7c407c2cedff20999df2af8eb42d56 -> 
========================================================================
Received Prepare
Registering precompiled user dll's ...
Registered in 0.002069 seconds.
Begin MonoManager ReloadAssembly
Native extension for WindowsStandalone target not found
Refreshing native plugins compatible for Editor in 0.39 ms, found 2 plugins.
Preloading 0 native plugins for Editor in 0.00 ms.
Mono: successfully reloaded assembly
- Completed reload, in  0.712 seconds
Domain Reload Profiling:
	ReloadAssembly (712ms)
		BeginReloadAssembly (88ms)
			ExecutionOrderSort (0ms)
			DisableScriptedObjects (4ms)
			BackupInstance (0ms)
			ReleaseScriptingObjects (0ms)
			CreateAndSetChildDomain (27ms)
		EndReloadAssembly (578ms)
			LoadAssemblies (69ms)
			RebuildTransferFunctionScriptingTraits (0ms)
			SetupTypeCache (194ms)
			ReleaseScriptCaches (1ms)
			RebuildScriptCaches (29ms)
			SetupLoadedEditorAssemblies (226ms)
				LogAssemblyErrors (0ms)
				InitializePlatformSupportModulesInManaged (4ms)
				SetLoadedEditorAssemblies (1ms)
				RefreshPlugins (0ms)
				BeforeProcessingInitializeOnLoad (66ms)
				ProcessInitializeOnLoadAttributes (143ms)
				ProcessInitializeOnLoadMethodAttributes (7ms)
				AfterProcessingInitializeOnLoad (4ms)
				EditorAssembliesLoaded (0ms)
			ExecutionOrderSort2 (0ms)
			AwakeInstancesAfterBackupRestoration (5ms)
Platform modules already initialized, skipping
Refreshing native plugins compatible for Editor in 0.40 ms, found 2 plugins.
Preloading 0 native plugins for Editor in 0.00 ms.
Unloading 1650 Unused Serialized files (Serialized files now loaded: 0)
System memory in use before: 91.0 MB.
System memory in use after: 91.1 MB.

Unloading 12 unused Assets to reduce memory usage. Loaded Objects now: 2161.
Total: 2.590800 ms (FindLiveObjects: 0.152500 ms CreateObjectMapping: 0.037900 ms MarkObjects: 2.379300 ms  DeleteObjects: 0.020200 ms)

AssetImportParameters requested are different than current active one (requested -> active):
  custom:framework-win-MediaFoundation: 216162199b28c13a410421893ffa2e32 -> 
  custom:video-decoder-ogg-theora: a1e56fd34408186e4bbccfd4996cb3dc -> 
  custom:container-muxer-webm: aa71ff27fc2769a1b78a27578f13a17b -> 
  custom:container-demuxer-webm: 4f35f7cbe854078d1ac9338744f61a02 -> 
  custom:container-demuxer-ogg: 62fdf1f143b41e24485cea50d1cbac27 -> 
  custom:video-encoder-webm-vp8: eb34c28f22e8b96e1ab97ce403110664 -> 
  custom:video-codec-MediaFoundation-h265: 746d11721c4dcdbdad8f713fa42b33f4 -> 
  custom:video-decoder-webm-vp8: 9c59270c3fd7afecdb556c50c9e8de78 -> 
  custom:audio-decoder-ogg-vorbis: bf7c407c2cedff20999df2af8eb42d56 -> 
  custom:audio-encoder-webm-vorbis: bf7c407c2cedff20999df2af8eb42d56 -> 
========================================================================
Received Prepare
Registering precompiled user dll's ...
Registered in 0.002162 seconds.
Begin MonoManager ReloadAssembly
Native extension for WindowsStandalone target not found
Refreshing native plugins compatible for Editor in 0.38 ms, found 2 plugins.
Preloading 0 native plugins for Editor in 0.00 ms.
Mono: successfully reloaded assembly
- Completed reload, in  0.790 seconds
Domain Reload Profiling:
	ReloadAssembly (791ms)
		BeginReloadAssembly (90ms)
			ExecutionOrderSort (0ms)
			DisableScriptedObjects (4ms)
			BackupInstance (0ms)
			ReleaseScriptingObjects (0ms)
			CreateAndSetChildDomain (27ms)
		EndReloadAssembly (657ms)
			LoadAssemblies (71ms)
			RebuildTransferFunctionScriptingTraits (0ms)
			SetupTypeCache (229ms)
			ReleaseScriptCaches (1ms)
			RebuildScriptCaches (39ms)
			SetupLoadedEditorAssemblies (245ms)
				LogAssemblyErrors (0ms)
				InitializePlatformSupportModulesInManaged (4ms)
				SetLoadedEditorAssemblies (1ms)
				RefreshPlugins (0ms)
				BeforeProcessingInitializeOnLoad (69ms)
				ProcessInitializeOnLoadAttributes (157ms)
				ProcessInitializeOnLoadMethodAttributes (9ms)
				AfterProcessingInitializeOnLoad (5ms)
				EditorAssembliesLoaded (0ms)
			ExecutionOrderSort2 (0ms)
			AwakeInstancesAfterBackupRestoration (6ms)
Platform modules already initialized, skipping
Refreshing native plugins compatible for Editor in 0.38 ms, found 2 plugins.
Preloading 0 native plugins for Editor in 0.00 ms.
Unloading 1650 Unused Serialized files (Serialized files now loaded: 0)
System memory in use before: 91.0 MB.
System memory in use after: 91.1 MB.

Unloading 12 unused Assets to reduce memory usage. Loaded Objects now: 2163.
Total: 2.768000 ms (FindLiveObjects: 0.143700 ms CreateObjectMapping: 0.062800 ms MarkObjects: 2.539500 ms  DeleteObjects: 0.021100 ms)

AssetImportParameters requested are different than current active one (requested -> active):
  custom:framework-win-MediaFoundation: 216162199b28c13a410421893ffa2e32 -> 
  custom:video-decoder-ogg-theora: a1e56fd34408186e4bbccfd4996cb3dc -> 
  custom:container-muxer-webm: aa71ff27fc2769a1b78a27578f13a17b -> 
  custom:container-demuxer-webm: 4f35f7cbe854078d1ac9338744f61a02 -> 
  custom:container-demuxer-ogg: 62fdf1f143b41e24485cea50d1cbac27 -> 
  custom:video-encoder-webm-vp8: eb34c28f22e8b96e1ab97ce403110664 -> 
  custom:video-codec-MediaFoundation-h265: 746d11721c4dcdbdad8f713fa42b33f4 -> 
  custom:video-decoder-webm-vp8: 9c59270c3fd7afecdb556c50c9e8de78 -> 
  custom:audio-decoder-ogg-vorbis: bf7c407c2cedff20999df2af8eb42d56 -> 
  custom:audio-encoder-webm-vorbis: bf7c407c2cedff20999df2af8eb42d56 -> 
========================================================================
Received Prepare
Registering precompiled user dll's ...
Registered in 0.002240 seconds.
Begin MonoManager ReloadAssembly
Native extension for WindowsStandalone target not found
Refreshing native plugins compatible for Editor in 0.38 ms, found 2 plugins.
Preloading 0 native plugins for Editor in 0.00 ms.
Mono: successfully reloaded assembly
- Completed reload, in  0.716 seconds
Domain Reload Profiling:
	ReloadAssembly (716ms)
		BeginReloadAssembly (89ms)
			ExecutionOrderSort (0ms)
			DisableScriptedObjects (4ms)
			BackupInstance (0ms)
			ReleaseScriptingObjects (0ms)
			CreateAndSetChildDomain (28ms)
		EndReloadAssembly (583ms)
			LoadAssemblies (66ms)
			RebuildTransferFunctionScriptingTraits (0ms)
			SetupTypeCache (187ms)
			ReleaseScriptCaches (1ms)
			RebuildScriptCaches (30ms)
			SetupLoadedEditorAssemblies (237ms)
				LogAssemblyErrors (0ms)
				InitializePlatformSupportModulesInManaged (4ms)
				SetLoadedEditorAssemblies (0ms)
				RefreshPlugins (0ms)
				BeforeProcessingInitializeOnLoad (71ms)
				ProcessInitializeOnLoadAttributes (150ms)
				ProcessInitializeOnLoadMethodAttributes (7ms)
				AfterProcessingInitializeOnLoad (4ms)
				EditorAssembliesLoaded (0ms)
			ExecutionOrderSort2 (0ms)
			AwakeInstancesAfterBackupRestoration (6ms)
Platform modules already initialized, skipping
Refreshing native plugins compatible for Editor in 0.38 ms, found 2 plugins.
Preloading 0 native plugins for Editor in 0.00 ms.
Unloading 1650 Unused Serialized files (Serialized files now loaded: 0)
System memory in use before: 91.0 MB.
System memory in use after: 91.2 MB.

Unloading 12 unused Assets to reduce memory usage. Loaded Objects now: 2165.
Total: 2.547900 ms (FindLiveObjects: 0.163200 ms CreateObjectMapping: 0.046200 ms MarkObjects: 2.317600 ms  DeleteObjects: 0.020200 ms)

AssetImportParameters requested are different than current active one (requested -> active):
  custom:framework-win-MediaFoundation: 216162199b28c13a410421893ffa2e32 -> 
  custom:video-decoder-ogg-theora: a1e56fd34408186e4bbccfd4996cb3dc -> 
  custom:container-muxer-webm: aa71ff27fc2769a1b78a27578f13a17b -> 
  custom:container-demuxer-webm: 4f35f7cbe854078d1ac9338744f61a02 -> 
  custom:container-demuxer-ogg: 62fdf1f143b41e24485cea50d1cbac27 -> 
  custom:video-encoder-webm-vp8: eb34c28f22e8b96e1ab97ce403110664 -> 
  custom:video-codec-MediaFoundation-h265: 746d11721c4dcdbdad8f713fa42b33f4 -> 
  custom:video-decoder-webm-vp8: 9c59270c3fd7afecdb556c50c9e8de78 -> 
  custom:audio-decoder-ogg-vorbis: bf7c407c2cedff20999df2af8eb42d56 -> 
  custom:audio-encoder-webm-vorbis: bf7c407c2cedff20999df2af8eb42d56 -> 
========================================================================
Received Prepare
Registering precompiled user dll's ...
Registered in 0.002084 seconds.
Begin MonoManager ReloadAssembly
Native extension for WindowsStandalone target not found
Refreshing native plugins compatible for Editor in 0.75 ms, found 2 plugins.
Preloading 0 native plugins for Editor in 0.00 ms.
Mono: successfully reloaded assembly
- Completed reload, in  0.854 seconds
Domain Reload Profiling:
	ReloadAssembly (855ms)
		BeginReloadAssembly (88ms)
			ExecutionOrderSort (0ms)
			DisableScriptedObjects (3ms)
			BackupInstance (0ms)
			ReleaseScriptingObjects (0ms)
			CreateAndSetChildDomain (27ms)
		EndReloadAssembly (723ms)
			LoadAssemblies (68ms)
			RebuildTransferFunctionScriptingTraits (0ms)
			SetupTypeCache (204ms)
			ReleaseScriptCaches (1ms)
			RebuildScriptCaches (33ms)
			SetupLoadedEditorAssemblies (327ms)
				LogAssemblyErrors (0ms)
				InitializePlatformSupportModulesInManaged (5ms)
				SetLoadedEditorAssemblies (2ms)
				RefreshPlugins (1ms)
				BeforeProcessingInitializeOnLoad (97ms)
				ProcessInitializeOnLoadAttributes (207ms)
				ProcessInitializeOnLoadMethodAttributes (11ms)
				AfterProcessingInitializeOnLoad (4ms)
				EditorAssembliesLoaded (0ms)
			ExecutionOrderSort2 (0ms)
			AwakeInstancesAfterBackupRestoration (6ms)
Platform modules already initialized, skipping
Refreshing native plugins compatible for Editor in 0.38 ms, found 2 plugins.
Preloading 0 native plugins for Editor in 0.00 ms.
Unloading 1650 Unused Serialized files (Serialized files now loaded: 0)
System memory in use before: 91.0 MB.
System memory in use after: 91.2 MB.

Unloading 12 unused Assets to reduce memory usage. Loaded Objects now: 2167.
Total: 3.122200 ms (FindLiveObjects: 0.159800 ms CreateObjectMapping: 0.067200 ms MarkObjects: 2.872000 ms  DeleteObjects: 0.022100 ms)

AssetImportParameters requested are different than current active one (requested -> active):
  custom:framework-win-MediaFoundation: 216162199b28c13a410421893ffa2e32 -> 
  custom:video-decoder-ogg-theora: a1e56fd34408186e4bbccfd4996cb3dc -> 
  custom:container-muxer-webm: aa71ff27fc2769a1b78a27578f13a17b -> 
  custom:container-demuxer-webm: 4f35f7cbe854078d1ac9338744f61a02 -> 
  custom:container-demuxer-ogg: 62fdf1f143b41e24485cea50d1cbac27 -> 
  custom:video-encoder-webm-vp8: eb34c28f22e8b96e1ab97ce403110664 -> 
  custom:video-codec-MediaFoundation-h265: 746d11721c4dcdbdad8f713fa42b33f4 -> 
  custom:video-decoder-webm-vp8: 9c59270c3fd7afecdb556c50c9e8de78 -> 
  custom:audio-decoder-ogg-vorbis: bf7c407c2cedff20999df2af8eb42d56 -> 
  custom:audio-encoder-webm-vorbis: bf7c407c2cedff20999df2af8eb42d56 -> 
========================================================================
Received Prepare
Registering precompiled user dll's ...
Registered in 0.001890 seconds.
Begin MonoManager ReloadAssembly
Native extension for WindowsStandalone target not found
Refreshing native plugins compatible for Editor in 0.41 ms, found 2 plugins.
Preloading 0 native plugins for Editor in 0.00 ms.
Mono: successfully reloaded assembly
- Completed reload, in  0.681 seconds
Domain Reload Profiling:
	ReloadAssembly (682ms)
		BeginReloadAssembly (85ms)
			ExecutionOrderSort (0ms)
			DisableScriptedObjects (3ms)
			BackupInstance (0ms)
			ReleaseScriptingObjects (0ms)
			CreateAndSetChildDomain (26ms)
		EndReloadAssembly (553ms)
			LoadAssemblies (66ms)
			RebuildTransferFunctionScriptingTraits (0ms)
			SetupTypeCache (175ms)
			ReleaseScriptCaches (1ms)
			RebuildScriptCaches (28ms)
			SetupLoadedEditorAssemblies (226ms)
				LogAssemblyErrors (0ms)
				InitializePlatformSupportModulesInManaged (4ms)
				SetLoadedEditorAssemblies (1ms)
				RefreshPlugins (0ms)
				BeforeProcessingInitializeOnLoad (65ms)
				ProcessInitializeOnLoadAttributes (145ms)
				ProcessInitializeOnLoadMethodAttributes (7ms)
				AfterProcessingInitializeOnLoad (4ms)
				EditorAssembliesLoaded (0ms)
			ExecutionOrderSort2 (0ms)
			AwakeInstancesAfterBackupRestoration (5ms)
Platform modules already initialized, skipping
Refreshing native plugins compatible for Editor in 0.38 ms, found 2 plugins.
Preloading 0 native plugins for Editor in 0.00 ms.
Unloading 1650 Unused Serialized files (Serialized files now loaded: 0)
System memory in use before: 91.1 MB.
System memory in use after: 91.2 MB.

Unloading 12 unused Assets to reduce memory usage. Loaded Objects now: 2169.
Total: 2.826400 ms (FindLiveObjects: 0.147800 ms CreateObjectMapping: 0.059500 ms MarkObjects: 2.597900 ms  DeleteObjects: 0.020300 ms)

AssetImportParameters requested are different than current active one (requested -> active):
  custom:framework-win-MediaFoundation: 216162199b28c13a410421893ffa2e32 -> 
  custom:video-decoder-ogg-theora: a1e56fd34408186e4bbccfd4996cb3dc -> 
  custom:container-muxer-webm: aa71ff27fc2769a1b78a27578f13a17b -> 
  custom:container-demuxer-webm: 4f35f7cbe854078d1ac9338744f61a02 -> 
  custom:container-demuxer-ogg: 62fdf1f143b41e24485cea50d1cbac27 -> 
  custom:video-encoder-webm-vp8: eb34c28f22e8b96e1ab97ce403110664 -> 
  custom:video-codec-MediaFoundation-h265: 746d11721c4dcdbdad8f713fa42b33f4 -> 
  custom:video-decoder-webm-vp8: 9c59270c3fd7afecdb556c50c9e8de78 -> 
  custom:audio-decoder-ogg-vorbis: bf7c407c2cedff20999df2af8eb42d56 -> 
  custom:audio-encoder-webm-vorbis: bf7c407c2cedff20999df2af8eb42d56 -> 
========================================================================
Received Prepare
Registering precompiled user dll's ...
Registered in 0.002015 seconds.
Begin MonoManager ReloadAssembly
Native extension for WindowsStandalone target not found
Refreshing native plugins compatible for Editor in 0.38 ms, found 2 plugins.
Preloading 0 native plugins for Editor in 0.00 ms.
Mono: successfully reloaded assembly
- Completed reload, in  0.707 seconds
Domain Reload Profiling:
	ReloadAssembly (708ms)
		BeginReloadAssembly (86ms)
			ExecutionOrderSort (0ms)
			DisableScriptedObjects (3ms)
			BackupInstance (0ms)
			ReleaseScriptingObjects (0ms)
			CreateAndSetChildDomain (26ms)
		EndReloadAssembly (576ms)
			LoadAssemblies (67ms)
			RebuildTransferFunctionScriptingTraits (0ms)
			SetupTypeCache (188ms)
			ReleaseScriptCaches (1ms)
			RebuildScriptCaches (29ms)
			SetupLoadedEditorAssemblies (228ms)
				LogAssemblyErrors (0ms)
				InitializePlatformSupportModulesInManaged (4ms)
				SetLoadedEditorAssemblies (1ms)
				RefreshPlugins (0ms)
				BeforeProcessingInitializeOnLoad (69ms)
				ProcessInitializeOnLoadAttributes (143ms)
				ProcessInitializeOnLoadMethodAttributes (7ms)
				AfterProcessingInitializeOnLoad (3ms)
				EditorAssembliesLoaded (0ms)
			ExecutionOrderSort2 (0ms)
			AwakeInstancesAfterBackupRestoration (5ms)
Platform modules already initialized, skipping
Refreshing native plugins compatible for Editor in 0.96 ms, found 2 plugins.
Preloading 0 native plugins for Editor in 0.00 ms.
Unloading 1650 Unused Serialized files (Serialized files now loaded: 0)
System memory in use before: 91.1 MB.
System memory in use after: 91.2 MB.

Unloading 12 unused Assets to reduce memory usage. Loaded Objects now: 2171.
Total: 3.638700 ms (FindLiveObjects: 0.204600 ms CreateObjectMapping: 0.097200 ms MarkObjects: 3.308200 ms  DeleteObjects: 0.027300 ms)

AssetImportParameters requested are different than current active one (requested -> active):
  custom:framework-win-MediaFoundation: 216162199b28c13a410421893ffa2e32 -> 
  custom:video-decoder-ogg-theora: a1e56fd34408186e4bbccfd4996cb3dc -> 
  custom:container-muxer-webm: aa71ff27fc2769a1b78a27578f13a17b -> 
  custom:container-demuxer-webm: 4f35f7cbe854078d1ac9338744f61a02 -> 
  custom:container-demuxer-ogg: 62fdf1f143b41e24485cea50d1cbac27 -> 
  custom:video-encoder-webm-vp8: eb34c28f22e8b96e1ab97ce403110664 -> 
  custom:video-codec-MediaFoundation-h265: 746d11721c4dcdbdad8f713fa42b33f4 -> 
  custom:video-decoder-webm-vp8: 9c59270c3fd7afecdb556c50c9e8de78 -> 
  custom:audio-decoder-ogg-vorbis: bf7c407c2cedff20999df2af8eb42d56 -> 
  custom:audio-encoder-webm-vorbis: bf7c407c2cedff20999df2af8eb42d56 -> 
========================================================================
Received Prepare
Registering precompiled user dll's ...
Registered in 0.001984 seconds.
Begin MonoManager ReloadAssembly
Native extension for WindowsStandalone target not found
Refreshing native plugins compatible for Editor in 0.41 ms, found 2 plugins.
Preloading 0 native plugins for Editor in 0.00 ms.
Mono: successfully reloaded assembly
- Completed reload, in  0.713 seconds
Domain Reload Profiling:
	ReloadAssembly (713ms)
		BeginReloadAssembly (95ms)
			ExecutionOrderSort (0ms)
			DisableScriptedObjects (4ms)
			BackupInstance (0ms)
			ReleaseScriptingObjects (0ms)
			CreateAndSetChildDomain (31ms)
		EndReloadAssembly (570ms)
			LoadAssemblies (72ms)
			RebuildTransferFunctionScriptingTraits (0ms)
			SetupTypeCache (187ms)
			ReleaseScriptCaches (1ms)
			RebuildScriptCaches (30ms)
			SetupLoadedEditorAssemblies (223ms)
				LogAssemblyErrors (0ms)
				InitializePlatformSupportModulesInManaged (4ms)
				SetLoadedEditorAssemblies (1ms)
				RefreshPlugins (0ms)
				BeforeProcessingInitializeOnLoad (67ms)
				ProcessInitializeOnLoadAttributes (140ms)
				ProcessInitializeOnLoadMethodAttributes (7ms)
				AfterProcessingInitializeOnLoad (4ms)
				EditorAssembliesLoaded (0ms)
			ExecutionOrderSort2 (0ms)
			AwakeInstancesAfterBackupRestoration (5ms)
Platform modules already initialized, skipping
Refreshing native plugins compatible for Editor in 0.38 ms, found 2 plugins.
Preloading 0 native plugins for Editor in 0.00 ms.
Unloading 1650 Unused Serialized files (Serialized files now loaded: 0)
System memory in use before: 91.1 MB.
System memory in use after: 91.2 MB.

Unloading 12 unused Assets to reduce memory usage. Loaded Objects now: 2173.
Total: 2.600400 ms (FindLiveObjects: 0.147200 ms CreateObjectMapping: 0.045300 ms MarkObjects: 2.387400 ms  DeleteObjects: 0.019500 ms)

AssetImportParameters requested are different than current active one (requested -> active):
  custom:framework-win-MediaFoundation: 216162199b28c13a410421893ffa2e32 -> 
  custom:video-decoder-ogg-theora: a1e56fd34408186e4bbccfd4996cb3dc -> 
  custom:container-muxer-webm: aa71ff27fc2769a1b78a27578f13a17b -> 
  custom:container-demuxer-webm: 4f35f7cbe854078d1ac9338744f61a02 -> 
  custom:container-demuxer-ogg: 62fdf1f143b41e24485cea50d1cbac27 -> 
  custom:video-encoder-webm-vp8: eb34c28f22e8b96e1ab97ce403110664 -> 
  custom:video-codec-MediaFoundation-h265: 746d11721c4dcdbdad8f713fa42b33f4 -> 
  custom:video-decoder-webm-vp8: 9c59270c3fd7afecdb556c50c9e8de78 -> 
  custom:audio-decoder-ogg-vorbis: bf7c407c2cedff20999df2af8eb42d56 -> 
  custom:audio-encoder-webm-vorbis: bf7c407c2cedff20999df2af8eb42d56 -> 
========================================================================
Received Prepare
Registering precompiled user dll's ...
Registered in 0.002308 seconds.
Begin MonoManager ReloadAssembly
Native extension for WindowsStandalone target not found
Refreshing native plugins compatible for Editor in 0.38 ms, found 2 plugins.
Preloading 0 native plugins for Editor in 0.00 ms.
Mono: successfully reloaded assembly
- Completed reload, in  0.702 seconds
Domain Reload Profiling:
	ReloadAssembly (703ms)
		BeginReloadAssembly (86ms)
			ExecutionOrderSort (0ms)
			DisableScriptedObjects (3ms)
			BackupInstance (0ms)
			ReleaseScriptingObjects (0ms)
			CreateAndSetChildDomain (26ms)
		EndReloadAssembly (572ms)
			LoadAssemblies (67ms)
			RebuildTransferFunctionScriptingTraits (0ms)
			SetupTypeCache (178ms)
			ReleaseScriptCaches (1ms)
			RebuildScriptCaches (30ms)
			SetupLoadedEditorAssemblies (238ms)
				LogAssemblyErrors (0ms)
				InitializePlatformSupportModulesInManaged (4ms)
				SetLoadedEditorAssemblies (1ms)
				RefreshPlugins (0ms)
				BeforeProcessingInitializeOnLoad (72ms)
				ProcessInitializeOnLoadAttributes (149ms)
				ProcessInitializeOnLoadMethodAttributes (7ms)
				AfterProcessingInitializeOnLoad (4ms)
				EditorAssembliesLoaded (0ms)
			ExecutionOrderSort2 (0ms)
			AwakeInstancesAfterBackupRestoration (5ms)
Platform modules already initialized, skipping
Refreshing native plugins compatible for Editor in 0.37 ms, found 2 plugins.
Preloading 0 native plugins for Editor in 0.00 ms.
Unloading 1650 Unused Serialized files (Serialized files now loaded: 0)
System memory in use before: 91.1 MB.
System memory in use after: 91.2 MB.

Unloading 12 unused Assets to reduce memory usage. Loaded Objects now: 2175.
Total: 2.659700 ms (FindLiveObjects: 0.137200 ms CreateObjectMapping: 0.047700 ms MarkObjects: 2.454700 ms  DeleteObjects: 0.018900 ms)

AssetImportParameters requested are different than current active one (requested -> active):
  custom:framework-win-MediaFoundation: 216162199b28c13a410421893ffa2e32 -> 
  custom:video-decoder-ogg-theora: a1e56fd34408186e4bbccfd4996cb3dc -> 
  custom:container-muxer-webm: aa71ff27fc2769a1b78a27578f13a17b -> 
  custom:container-demuxer-webm: 4f35f7cbe854078d1ac9338744f61a02 -> 
  custom:container-demuxer-ogg: 62fdf1f143b41e24485cea50d1cbac27 -> 
  custom:video-encoder-webm-vp8: eb34c28f22e8b96e1ab97ce403110664 -> 
  custom:video-codec-MediaFoundation-h265: 746d11721c4dcdbdad8f713fa42b33f4 -> 
  custom:video-decoder-webm-vp8: 9c59270c3fd7afecdb556c50c9e8de78 -> 
  custom:audio-decoder-ogg-vorbis: bf7c407c2cedff20999df2af8eb42d56 -> 
  custom:audio-encoder-webm-vorbis: bf7c407c2cedff20999df2af8eb42d56 -> 
========================================================================
Received Prepare
Registering precompiled user dll's ...
Registered in 0.002019 seconds.
Begin MonoManager ReloadAssembly
Native extension for WindowsStandalone target not found
Refreshing native plugins compatible for Editor in 0.38 ms, found 2 plugins.
Preloading 0 native plugins for Editor in 0.00 ms.
Mono: successfully reloaded assembly
- Completed reload, in  0.858 seconds
Domain Reload Profiling:
	ReloadAssembly (858ms)
		BeginReloadAssembly (99ms)
			ExecutionOrderSort (0ms)
			DisableScriptedObjects (4ms)
			BackupInstance (0ms)
			ReleaseScriptingObjects (0ms)
			CreateAndSetChildDomain (32ms)
		EndReloadAssembly (705ms)
			LoadAssemblies (84ms)
			RebuildTransferFunctionScriptingTraits (0ms)
			SetupTypeCache (277ms)
			ReleaseScriptCaches (1ms)
			RebuildScriptCaches (34ms)
			SetupLoadedEditorAssemblies (245ms)
				LogAssemblyErrors (0ms)
				InitializePlatformSupportModulesInManaged (4ms)
				SetLoadedEditorAssemblies (1ms)
				RefreshPlugins (0ms)
				BeforeProcessingInitializeOnLoad (67ms)
				ProcessInitializeOnLoadAttributes (158ms)
				ProcessInitializeOnLoadMethodAttributes (9ms)
				AfterProcessingInitializeOnLoad (6ms)
				EditorAssembliesLoaded (0ms)
			ExecutionOrderSort2 (0ms)
			AwakeInstancesAfterBackupRestoration (7ms)
Platform modules already initialized, skipping
Refreshing native plugins compatible for Editor in 0.39 ms, found 2 plugins.
Preloading 0 native plugins for Editor in 0.00 ms.
Unloading 1650 Unused Serialized files (Serialized files now loaded: 0)
System memory in use before: 91.1 MB.
System memory in use after: 91.2 MB.

Unloading 12 unused Assets to reduce memory usage. Loaded Objects now: 2177.
Total: 2.791400 ms (FindLiveObjects: 0.164400 ms CreateObjectMapping: 0.068600 ms MarkObjects: 2.534800 ms  DeleteObjects: 0.022600 ms)

AssetImportParameters requested are different than current active one (requested -> active):
  custom:framework-win-MediaFoundation: 216162199b28c13a410421893ffa2e32 -> 
  custom:video-decoder-ogg-theora: a1e56fd34408186e4bbccfd4996cb3dc -> 
  custom:container-muxer-webm: aa71ff27fc2769a1b78a27578f13a17b -> 
  custom:container-demuxer-webm: 4f35f7cbe854078d1ac9338744f61a02 -> 
  custom:container-demuxer-ogg: 62fdf1f143b41e24485cea50d1cbac27 -> 
  custom:video-encoder-webm-vp8: eb34c28f22e8b96e1ab97ce403110664 -> 
  custom:video-codec-MediaFoundation-h265: 746d11721c4dcdbdad8f713fa42b33f4 -> 
  custom:video-decoder-webm-vp8: 9c59270c3fd7afecdb556c50c9e8de78 -> 
  custom:audio-decoder-ogg-vorbis: bf7c407c2cedff20999df2af8eb42d56 -> 
  custom:audio-encoder-webm-vorbis: bf7c407c2cedff20999df2af8eb42d56 -> 
AssetImportWorkerClient::OnTransportError - code=2 error=End of file
